[2025-12-15T11:11:07.189+0000] {taskinstance.py:1956} INFO - Dependencies all met for dep_context=non-requeueable deps ti=<TaskInstance: amazon_sales_etl.create_discount_effectiveness manual__2025-12-15T11:11:05.612118+00:00 [queued]>
[2025-12-15T11:11:07.196+0000] {taskinstance.py:1956} INFO - Dependencies all met for dep_context=requeueable deps ti=<TaskInstance: amazon_sales_etl.create_discount_effectiveness manual__2025-12-15T11:11:05.612118+00:00 [queued]>
[2025-12-15T11:11:07.196+0000] {taskinstance.py:2170} INFO - Starting attempt 1 of 1
[2025-12-15T11:11:07.207+0000] {taskinstance.py:2191} INFO - Executing <Task(PostgresOperator): create_discount_effectiveness> on 2025-12-15 11:11:05.612118+00:00
[2025-12-15T11:11:07.211+0000] {standard_task_runner.py:60} INFO - Started process 989 to run task
[2025-12-15T11:11:07.214+0000] {standard_task_runner.py:87} INFO - Running: ['***', 'tasks', 'run', 'amazon_sales_etl', 'create_discount_effectiveness', 'manual__2025-12-15T11:11:05.612118+00:00', '--job-id', '34', '--raw', '--subdir', 'DAGS_FOLDER/amazon_sales_etl.py', '--cfg-path', '/tmp/tmp93icbeo1']
[2025-12-15T11:11:07.216+0000] {standard_task_runner.py:88} INFO - Job 34: Subtask create_discount_effectiveness
[2025-12-15T11:11:07.264+0000] {task_command.py:423} INFO - Running <TaskInstance: amazon_sales_etl.create_discount_effectiveness manual__2025-12-15T11:11:05.612118+00:00 [running]> on host 9fedf83b1ce5
[2025-12-15T11:11:07.337+0000] {taskinstance.py:2480} INFO - Exporting env vars: AIRFLOW_CTX_DAG_OWNER='***' AIRFLOW_CTX_DAG_ID='amazon_sales_etl' AIRFLOW_CTX_TASK_ID='create_discount_effectiveness' AIRFLOW_CTX_EXECUTION_DATE='2025-12-15T11:11:05.612118+00:00' AIRFLOW_CTX_TRY_NUMBER='1' AIRFLOW_CTX_DAG_RUN_ID='manual__2025-12-15T11:11:05.612118+00:00'
[2025-12-15T11:11:07.338+0000] {sql.py:276} INFO - Executing: 
            create table if not exists discount_effectiveness (
            discount_bucket text not null,
            avg_rating double precision,
            avg_rating_count double precision,
            total_products integer not null
            );
            
[2025-12-15T11:11:07.345+0000] {base.py:83} INFO - Using connection ID 'postgres_default' for task execution.
[2025-12-15T11:11:07.352+0000] {base.py:83} INFO - Using connection ID 'postgres_default' for task execution.
[2025-12-15T11:11:07.355+0000] {sql.py:450} INFO - Running statement: 
            create table if not exists discount_effectiveness (
            discount_bucket text not null,
            avg_rating double precision,
            avg_rating_count double precision,
            total_products integer not null
            );
            , parameters: None
[2025-12-15T11:11:07.363+0000] {taskinstance.py:1138} INFO - Marking task as SUCCESS. dag_id=amazon_sales_etl, task_id=create_discount_effectiveness, execution_date=20251215T111105, start_date=20251215T111107, end_date=20251215T111107
[2025-12-15T11:11:07.386+0000] {local_task_job_runner.py:234} INFO - Task exited with return code 0
[2025-12-15T11:11:07.399+0000] {taskinstance.py:3280} INFO - 0 downstream tasks scheduled from follow-on schedule check
