[2025-12-16T01:32:29.892+0000] {taskinstance.py:1956} INFO - Dependencies all met for dep_context=non-requeueable deps ti=<TaskInstance: amazon_sales_etl.transform_data manual__2025-12-16T01:32:28.864680+00:00 [queued]>
[2025-12-16T01:32:29.901+0000] {taskinstance.py:1956} INFO - Dependencies all met for dep_context=requeueable deps ti=<TaskInstance: amazon_sales_etl.transform_data manual__2025-12-16T01:32:28.864680+00:00 [queued]>
[2025-12-16T01:32:29.902+0000] {taskinstance.py:2170} INFO - Starting attempt 1 of 1
[2025-12-16T01:32:29.914+0000] {taskinstance.py:2191} INFO - Executing <Task(BashOperator): transform_data> on 2025-12-16 01:32:28.864680+00:00
[2025-12-16T01:32:29.918+0000] {standard_task_runner.py:60} INFO - Started process 298 to run task
[2025-12-16T01:32:29.922+0000] {standard_task_runner.py:87} INFO - Running: ['***', 'tasks', 'run', 'amazon_sales_etl', 'transform_data', 'manual__2025-12-16T01:32:28.864680+00:00', '--job-id', '97', '--raw', '--subdir', 'DAGS_FOLDER/amazon_sales_etl.py', '--cfg-path', '/tmp/tmp6lu_w6qi']
[2025-12-16T01:32:29.924+0000] {standard_task_runner.py:88} INFO - Job 97: Subtask transform_data
[2025-12-16T01:32:29.979+0000] {task_command.py:423} INFO - Running <TaskInstance: amazon_sales_etl.transform_data manual__2025-12-16T01:32:28.864680+00:00 [running]> on host 77b5a49f3616
[2025-12-16T01:32:30.051+0000] {taskinstance.py:2480} INFO - Exporting env vars: AIRFLOW_CTX_DAG_OWNER='***' AIRFLOW_CTX_DAG_ID='amazon_sales_etl' AIRFLOW_CTX_TASK_ID='transform_data' AIRFLOW_CTX_EXECUTION_DATE='2025-12-16T01:32:28.864680+00:00' AIRFLOW_CTX_TRY_NUMBER='1' AIRFLOW_CTX_DAG_RUN_ID='manual__2025-12-16T01:32:28.864680+00:00'
[2025-12-16T01:32:30.053+0000] {subprocess.py:63} INFO - Tmp dir root location: /tmp
[2025-12-16T01:32:30.054+0000] {subprocess.py:75} INFO - Running command: ['/usr/bin/bash', '-c', 'python /opt/***/spark/jobs/silver.py']
[2025-12-16T01:32:30.061+0000] {subprocess.py:86} INFO - Output:
[2025-12-16T01:32:31.981+0000] {subprocess.py:93} INFO - Exception in thread "main" org.apache.spark.SparkException: Master must either be yarn or start with spark, mesos, k8s, or local
[2025-12-16T01:32:31.981+0000] {subprocess.py:93} INFO - 	at org.apache.spark.deploy.SparkSubmit.error(SparkSubmit.scala:1038)
[2025-12-16T01:32:31.982+0000] {subprocess.py:93} INFO - 	at org.apache.spark.deploy.SparkSubmit.prepareSubmitEnvironment(SparkSubmit.scala:254)
[2025-12-16T01:32:31.982+0000] {subprocess.py:93} INFO - 	at org.apache.spark.deploy.SparkSubmit.org$apache$spark$deploy$SparkSubmit$$runMain(SparkSubmit.scala:955)
[2025-12-16T01:32:31.983+0000] {subprocess.py:93} INFO - 	at org.apache.spark.deploy.SparkSubmit.doRunMain$1(SparkSubmit.scala:192)
[2025-12-16T01:32:31.983+0000] {subprocess.py:93} INFO - 	at org.apache.spark.deploy.SparkSubmit.submit(SparkSubmit.scala:215)
[2025-12-16T01:32:31.983+0000] {subprocess.py:93} INFO - 	at org.apache.spark.deploy.SparkSubmit.doSubmit(SparkSubmit.scala:91)
[2025-12-16T01:32:31.984+0000] {subprocess.py:93} INFO - 	at org.apache.spark.deploy.SparkSubmit$$anon$2.doSubmit(SparkSubmit.scala:1111)
[2025-12-16T01:32:31.984+0000] {subprocess.py:93} INFO - 	at org.apache.spark.deploy.SparkSubmit$.main(SparkSubmit.scala:1120)
[2025-12-16T01:32:31.984+0000] {subprocess.py:93} INFO - 	at org.apache.spark.deploy.SparkSubmit.main(SparkSubmit.scala)
[2025-12-16T01:32:32.091+0000] {subprocess.py:93} INFO - Yes spark is not started
[2025-12-16T01:32:32.092+0000] {subprocess.py:93} INFO - Yes spark is started!
[2025-12-16T01:32:32.095+0000] {subprocess.py:93} INFO - Traceback (most recent call last):
[2025-12-16T01:32:32.099+0000] {subprocess.py:93} INFO -   File "/opt/***/spark/jobs/silver.py", line 95, in <module>
[2025-12-16T01:32:32.099+0000] {subprocess.py:93} INFO -     main()
[2025-12-16T01:32:32.100+0000] {subprocess.py:93} INFO -   File "/opt/***/spark/jobs/silver.py", line 20, in main
[2025-12-16T01:32:32.100+0000] {subprocess.py:93} INFO -     spark.read
[2025-12-16T01:32:32.101+0000] {subprocess.py:93} INFO - UnboundLocalError: local variable 'spark' referenced before assignment
[2025-12-16T01:32:32.123+0000] {subprocess.py:97} INFO - Command exited with return code 1
[2025-12-16T01:32:32.134+0000] {taskinstance.py:2698} ERROR - Task failed with exception
Traceback (most recent call last):
  File "/home/airflow/.local/lib/python3.8/site-packages/airflow/models/taskinstance.py", line 433, in _execute_task
    result = execute_callable(context=context, **execute_callable_kwargs)
  File "/home/airflow/.local/lib/python3.8/site-packages/airflow/operators/bash.py", line 212, in execute
    raise AirflowException(
airflow.exceptions.AirflowException: Bash command failed. The command returned a non-zero exit code 1.
[2025-12-16T01:32:32.137+0000] {taskinstance.py:1138} INFO - Marking task as FAILED. dag_id=amazon_sales_etl, task_id=transform_data, execution_date=20251216T013228, start_date=20251216T013229, end_date=20251216T013232
[2025-12-16T01:32:32.149+0000] {standard_task_runner.py:107} ERROR - Failed to execute job 97 for task transform_data (Bash command failed. The command returned a non-zero exit code 1.; 298)
[2025-12-16T01:32:32.181+0000] {local_task_job_runner.py:234} INFO - Task exited with return code 1
[2025-12-16T01:32:32.194+0000] {taskinstance.py:3280} INFO - 0 downstream tasks scheduled from follow-on schedule check
