[2025-12-16T20:28:42.595+0000] {taskinstance.py:1956} INFO - Dependencies all met for dep_context=non-requeueable deps ti=<TaskInstance: amazon_sales_etl.create_top_product_summary manual__2025-12-16T20:28:41.641418+00:00 [queued]>
[2025-12-16T20:28:42.602+0000] {taskinstance.py:1956} INFO - Dependencies all met for dep_context=requeueable deps ti=<TaskInstance: amazon_sales_etl.create_top_product_summary manual__2025-12-16T20:28:41.641418+00:00 [queued]>
[2025-12-16T20:28:42.603+0000] {taskinstance.py:2170} INFO - Starting attempt 1 of 1
[2025-12-16T20:28:42.615+0000] {taskinstance.py:2191} INFO - Executing <Task(PostgresOperator): create_top_product_summary> on 2025-12-16 20:28:41.641418+00:00
[2025-12-16T20:28:42.620+0000] {standard_task_runner.py:60} INFO - Started process 963 to run task
[2025-12-16T20:28:42.626+0000] {standard_task_runner.py:87} INFO - Running: ['***', 'tasks', 'run', 'amazon_sales_etl', 'create_top_product_summary', 'manual__2025-12-16T20:28:41.641418+00:00', '--job-id', '28', '--raw', '--subdir', 'DAGS_FOLDER/amazon_sales_etl.py', '--cfg-path', '/tmp/tmp54c3lwos']
[2025-12-16T20:28:42.629+0000] {standard_task_runner.py:88} INFO - Job 28: Subtask create_top_product_summary
[2025-12-16T20:28:42.691+0000] {task_command.py:423} INFO - Running <TaskInstance: amazon_sales_etl.create_top_product_summary manual__2025-12-16T20:28:41.641418+00:00 [running]> on host 81e6fe386bc4
[2025-12-16T20:28:42.771+0000] {taskinstance.py:2480} INFO - Exporting env vars: AIRFLOW_CTX_DAG_OWNER='***' AIRFLOW_CTX_DAG_ID='amazon_sales_etl' AIRFLOW_CTX_TASK_ID='create_top_product_summary' AIRFLOW_CTX_EXECUTION_DATE='2025-12-16T20:28:41.641418+00:00' AIRFLOW_CTX_TRY_NUMBER='1' AIRFLOW_CTX_DAG_RUN_ID='manual__2025-12-16T20:28:41.641418+00:00'
[2025-12-16T20:28:42.773+0000] {sql.py:276} INFO - Executing: 
-- ============== create top_products gold table ===============
create table if not exists top_products (
    product_id text,
    product_title text,
    category text,
    rating real,
    rating_count integer,
    discounted_price real,
    rank integer not null
);

[2025-12-16T20:28:42.783+0000] {base.py:83} INFO - Using connection ID 'postgres_default' for task execution.
[2025-12-16T20:28:42.793+0000] {base.py:83} INFO - Using connection ID 'postgres_default' for task execution.
[2025-12-16T20:28:42.797+0000] {sql.py:450} INFO - Running statement: 
-- ============== create top_products gold table ===============
create table if not exists top_products (
    product_id text,
    product_title text,
    category text,
    rating real,
    rating_count integer,
    discounted_price real,
    rank integer not null
);
, parameters: None
[2025-12-16T20:28:42.805+0000] {taskinstance.py:1138} INFO - Marking task as SUCCESS. dag_id=amazon_sales_etl, task_id=create_top_product_summary, execution_date=20251216T202841, start_date=20251216T202842, end_date=20251216T202842
[2025-12-16T20:28:42.836+0000] {local_task_job_runner.py:234} INFO - Task exited with return code 0
[2025-12-16T20:28:42.856+0000] {taskinstance.py:3280} INFO - 0 downstream tasks scheduled from follow-on schedule check
