[2025-12-15T13:47:02.261+0000] {taskinstance.py:1956} INFO - Dependencies all met for dep_context=non-requeueable deps ti=<TaskInstance: amazon_sales_etl.download_data manual__2025-12-15T13:47:01.139578+00:00 [queued]>
[2025-12-15T13:47:02.270+0000] {taskinstance.py:1956} INFO - Dependencies all met for dep_context=requeueable deps ti=<TaskInstance: amazon_sales_etl.download_data manual__2025-12-15T13:47:01.139578+00:00 [queued]>
[2025-12-15T13:47:02.271+0000] {taskinstance.py:2170} INFO - Starting attempt 1 of 1
[2025-12-15T13:47:02.284+0000] {taskinstance.py:2191} INFO - Executing <Task(BashOperator): download_data> on 2025-12-15 13:47:01.139578+00:00
[2025-12-15T13:47:02.289+0000] {standard_task_runner.py:60} INFO - Started process 208 to run task
[2025-12-15T13:47:02.293+0000] {standard_task_runner.py:87} INFO - Running: ['***', 'tasks', 'run', 'amazon_sales_etl', 'download_data', 'manual__2025-12-15T13:47:01.139578+00:00', '--job-id', '78', '--raw', '--subdir', 'DAGS_FOLDER/amazon_sales_etl.py', '--cfg-path', '/tmp/tmpa3p45hep']
[2025-12-15T13:47:02.297+0000] {standard_task_runner.py:88} INFO - Job 78: Subtask download_data
[2025-12-15T13:47:02.359+0000] {task_command.py:423} INFO - Running <TaskInstance: amazon_sales_etl.download_data manual__2025-12-15T13:47:01.139578+00:00 [running]> on host 9fedf83b1ce5
[2025-12-15T13:47:02.435+0000] {taskinstance.py:2480} INFO - Exporting env vars: AIRFLOW_CTX_DAG_OWNER='***' AIRFLOW_CTX_DAG_ID='amazon_sales_etl' AIRFLOW_CTX_TASK_ID='download_data' AIRFLOW_CTX_EXECUTION_DATE='2025-12-15T13:47:01.139578+00:00' AIRFLOW_CTX_TRY_NUMBER='1' AIRFLOW_CTX_DAG_RUN_ID='manual__2025-12-15T13:47:01.139578+00:00'
[2025-12-15T13:47:02.436+0000] {subprocess.py:63} INFO - Tmp dir root location: /tmp
[2025-12-15T13:47:02.437+0000] {subprocess.py:75} INFO - Running command: ['/usr/bin/bash', '-c', 'python /opt/***/spark/jobs/bronze.py']
[2025-12-15T13:47:02.446+0000] {subprocess.py:86} INFO - Output:
[2025-12-15T13:47:02.482+0000] {subprocess.py:93} INFO - Traceback (most recent call last):
[2025-12-15T13:47:02.483+0000] {subprocess.py:93} INFO -   File "/opt/***/spark/jobs/bronze.py", line 1, in <module>
[2025-12-15T13:47:02.483+0000] {subprocess.py:93} INFO -     import kagglehub
[2025-12-15T13:47:02.483+0000] {subprocess.py:93} INFO - ModuleNotFoundError: No module named 'kagglehub'
[2025-12-15T13:47:02.484+0000] {subprocess.py:97} INFO - Command exited with return code 1
[2025-12-15T13:47:02.495+0000] {taskinstance.py:2698} ERROR - Task failed with exception
Traceback (most recent call last):
  File "/home/airflow/.local/lib/python3.8/site-packages/airflow/models/taskinstance.py", line 433, in _execute_task
    result = execute_callable(context=context, **execute_callable_kwargs)
  File "/home/airflow/.local/lib/python3.8/site-packages/airflow/operators/bash.py", line 212, in execute
    raise AirflowException(
airflow.exceptions.AirflowException: Bash command failed. The command returned a non-zero exit code 1.
[2025-12-15T13:47:02.498+0000] {taskinstance.py:1138} INFO - Marking task as FAILED. dag_id=amazon_sales_etl, task_id=download_data, execution_date=20251215T134701, start_date=20251215T134702, end_date=20251215T134702
[2025-12-15T13:47:02.513+0000] {standard_task_runner.py:107} ERROR - Failed to execute job 78 for task download_data (Bash command failed. The command returned a non-zero exit code 1.; 208)
[2025-12-15T13:47:02.547+0000] {local_task_job_runner.py:234} INFO - Task exited with return code 1
[2025-12-15T13:47:02.560+0000] {taskinstance.py:3280} INFO - 0 downstream tasks scheduled from follow-on schedule check
