[2025-12-16T20:28:42.594+0000] {taskinstance.py:1956} INFO - Dependencies all met for dep_context=non-requeueable deps ti=<TaskInstance: amazon_sales_etl.create_discount_effectiveness manual__2025-12-16T20:28:41.641418+00:00 [queued]>
[2025-12-16T20:28:42.602+0000] {taskinstance.py:1956} INFO - Dependencies all met for dep_context=requeueable deps ti=<TaskInstance: amazon_sales_etl.create_discount_effectiveness manual__2025-12-16T20:28:41.641418+00:00 [queued]>
[2025-12-16T20:28:42.603+0000] {taskinstance.py:2170} INFO - Starting attempt 1 of 1
[2025-12-16T20:28:42.615+0000] {taskinstance.py:2191} INFO - Executing <Task(PostgresOperator): create_discount_effectiveness> on 2025-12-16 20:28:41.641418+00:00
[2025-12-16T20:28:42.620+0000] {standard_task_runner.py:60} INFO - Started process 962 to run task
[2025-12-16T20:28:42.623+0000] {standard_task_runner.py:87} INFO - Running: ['***', 'tasks', 'run', 'amazon_sales_etl', 'create_discount_effectiveness', 'manual__2025-12-16T20:28:41.641418+00:00', '--job-id', '27', '--raw', '--subdir', 'DAGS_FOLDER/amazon_sales_etl.py', '--cfg-path', '/tmp/tmpsxyfcy0x']
[2025-12-16T20:28:42.626+0000] {standard_task_runner.py:88} INFO - Job 27: Subtask create_discount_effectiveness
[2025-12-16T20:28:42.688+0000] {task_command.py:423} INFO - Running <TaskInstance: amazon_sales_etl.create_discount_effectiveness manual__2025-12-16T20:28:41.641418+00:00 [running]> on host 81e6fe386bc4
[2025-12-16T20:28:42.764+0000] {taskinstance.py:2480} INFO - Exporting env vars: AIRFLOW_CTX_DAG_OWNER='***' AIRFLOW_CTX_DAG_ID='amazon_sales_etl' AIRFLOW_CTX_TASK_ID='create_discount_effectiveness' AIRFLOW_CTX_EXECUTION_DATE='2025-12-16T20:28:41.641418+00:00' AIRFLOW_CTX_TRY_NUMBER='1' AIRFLOW_CTX_DAG_RUN_ID='manual__2025-12-16T20:28:41.641418+00:00'
[2025-12-16T20:28:42.764+0000] {sql.py:276} INFO - Executing: 

-- ============== create discount_effectiveness gold table ===============
do $$
begin
    if not exists (select 1 from pg_type where typname = 'discount_bucket_enum') then
        create type discount_bucket_enum as enum (
            'Very High Discount',
            'High Discount',
            'Medium Discount',
            'Low Discount'
        );
    end if;
end$$;


create table if not exists discount_effectiveness (
    discount_bucket discount_bucket_enum not null,
    avg_rating double precision,
    avg_rating_count double precision,
    total_products integer not null
);

[2025-12-16T20:28:42.774+0000] {base.py:83} INFO - Using connection ID 'postgres_default' for task execution.
[2025-12-16T20:28:42.785+0000] {base.py:83} INFO - Using connection ID 'postgres_default' for task execution.
[2025-12-16T20:28:42.789+0000] {sql.py:450} INFO - Running statement: 

-- ============== create discount_effectiveness gold table ===============
do $$
begin
    if not exists (select 1 from pg_type where typname = 'discount_bucket_enum') then
        create type discount_bucket_enum as enum (
            'Very High Discount',
            'High Discount',
            'Medium Discount',
            'Low Discount'
        );
    end if;
end$$;


create table if not exists discount_effectiveness (
    discount_bucket discount_bucket_enum not null,
    avg_rating double precision,
    avg_rating_count double precision,
    total_products integer not null
);
, parameters: None
[2025-12-16T20:28:42.799+0000] {taskinstance.py:1138} INFO - Marking task as SUCCESS. dag_id=amazon_sales_etl, task_id=create_discount_effectiveness, execution_date=20251216T202841, start_date=20251216T202842, end_date=20251216T202842
[2025-12-16T20:28:42.836+0000] {local_task_job_runner.py:234} INFO - Task exited with return code 0
[2025-12-16T20:28:42.891+0000] {taskinstance.py:3280} INFO - 1 downstream tasks scheduled from follow-on schedule check
