[2025-12-16T20:31:00.168+0000] {taskinstance.py:1956} INFO - Dependencies all met for dep_context=non-requeueable deps ti=<TaskInstance: amazon_sales_etl.transform_data manual__2025-12-16T20:21:32.338619+00:00 [queued]>
[2025-12-16T20:31:00.177+0000] {taskinstance.py:1956} INFO - Dependencies all met for dep_context=requeueable deps ti=<TaskInstance: amazon_sales_etl.transform_data manual__2025-12-16T20:21:32.338619+00:00 [queued]>
[2025-12-16T20:31:00.178+0000] {taskinstance.py:2170} INFO - Starting attempt 4 of 4
[2025-12-16T20:31:00.189+0000] {taskinstance.py:2191} INFO - Executing <Task(BashOperator): transform_data> on 2025-12-16 20:21:32.338619+00:00
[2025-12-16T20:31:00.193+0000] {standard_task_runner.py:60} INFO - Started process 2372 to run task
[2025-12-16T20:31:00.196+0000] {standard_task_runner.py:87} INFO - Running: ['***', 'tasks', 'run', 'amazon_sales_etl', 'transform_data', 'manual__2025-12-16T20:21:32.338619+00:00', '--job-id', '37', '--raw', '--subdir', 'DAGS_FOLDER/amazon_sales_etl.py', '--cfg-path', '/tmp/tmpdt4fmzn4']
[2025-12-16T20:31:00.198+0000] {standard_task_runner.py:88} INFO - Job 37: Subtask transform_data
[2025-12-16T20:31:00.248+0000] {task_command.py:423} INFO - Running <TaskInstance: amazon_sales_etl.transform_data manual__2025-12-16T20:21:32.338619+00:00 [running]> on host 81e6fe386bc4
[2025-12-16T20:31:00.316+0000] {taskinstance.py:2480} INFO - Exporting env vars: AIRFLOW_CTX_DAG_OWNER='***' AIRFLOW_CTX_DAG_ID='amazon_sales_etl' AIRFLOW_CTX_TASK_ID='transform_data' AIRFLOW_CTX_EXECUTION_DATE='2025-12-16T20:21:32.338619+00:00' AIRFLOW_CTX_TRY_NUMBER='4' AIRFLOW_CTX_DAG_RUN_ID='manual__2025-12-16T20:21:32.338619+00:00'
[2025-12-16T20:31:00.317+0000] {subprocess.py:63} INFO - Tmp dir root location: /tmp
[2025-12-16T20:31:00.319+0000] {subprocess.py:75} INFO - Running command: ['/usr/bin/bash', '-c', 'python /opt/***/spark/jobs/transform.py']
[2025-12-16T20:31:00.326+0000] {subprocess.py:86} INFO - Output:
[2025-12-16T20:31:02.676+0000] {subprocess.py:93} INFO - Setting default log level to "WARN".
[2025-12-16T20:31:02.677+0000] {subprocess.py:93} INFO - To adjust logging level use sc.setLogLevel(newLevel). For SparkR, use setLogLevel(newLevel).
[2025-12-16T20:31:02.924+0000] {subprocess.py:93} INFO - 25/12/16 20:31:02 WARN NativeCodeLoader: Unable to load native-hadoop library for your platform... using builtin-java classes where applicable
[2025-12-16T20:31:12.698+0000] {subprocess.py:93} INFO - [Stage 4:>                                                          (0 + 1) / 1]                                                                                Spark started: 3.4.1
[2025-12-16T20:31:12.698+0000] {subprocess.py:93} INFO - total raws after cleaned:  1462
[2025-12-16T20:31:13.098+0000] {subprocess.py:97} INFO - Command exited with return code 0
[2025-12-16T20:31:13.133+0000] {taskinstance.py:1138} INFO - Marking task as SUCCESS. dag_id=amazon_sales_etl, task_id=transform_data, execution_date=20251216T202132, start_date=20251216T203100, end_date=20251216T203113
[2025-12-16T20:31:13.166+0000] {local_task_job_runner.py:234} INFO - Task exited with return code 0
[2025-12-16T20:31:13.182+0000] {taskinstance.py:3280} INFO - 1 downstream tasks scheduled from follow-on schedule check
