[2025-12-16T20:30:22.930+0000] {taskinstance.py:1956} INFO - Dependencies all met for dep_context=non-requeueable deps ti=<TaskInstance: amazon_sales_etl.transform_data manual__2025-12-16T20:21:32.338619+00:00 [queued]>
[2025-12-16T20:30:22.938+0000] {taskinstance.py:1956} INFO - Dependencies all met for dep_context=requeueable deps ti=<TaskInstance: amazon_sales_etl.transform_data manual__2025-12-16T20:21:32.338619+00:00 [queued]>
[2025-12-16T20:30:22.939+0000] {taskinstance.py:2170} INFO - Starting attempt 3 of 3
[2025-12-16T20:30:22.951+0000] {taskinstance.py:2191} INFO - Executing <Task(BashOperator): transform_data> on 2025-12-16 20:21:32.338619+00:00
[2025-12-16T20:30:22.955+0000] {standard_task_runner.py:60} INFO - Started process 1443 to run task
[2025-12-16T20:30:22.959+0000] {standard_task_runner.py:87} INFO - Running: ['***', 'tasks', 'run', 'amazon_sales_etl', 'transform_data', 'manual__2025-12-16T20:21:32.338619+00:00', '--job-id', '34', '--raw', '--subdir', 'DAGS_FOLDER/amazon_sales_etl.py', '--cfg-path', '/tmp/tmphhqc7v3y']
[2025-12-16T20:30:22.962+0000] {standard_task_runner.py:88} INFO - Job 34: Subtask transform_data
[2025-12-16T20:30:23.019+0000] {task_command.py:423} INFO - Running <TaskInstance: amazon_sales_etl.transform_data manual__2025-12-16T20:21:32.338619+00:00 [running]> on host 81e6fe386bc4
[2025-12-16T20:30:23.095+0000] {taskinstance.py:2480} INFO - Exporting env vars: AIRFLOW_CTX_DAG_OWNER='***' AIRFLOW_CTX_DAG_ID='amazon_sales_etl' AIRFLOW_CTX_TASK_ID='transform_data' AIRFLOW_CTX_EXECUTION_DATE='2025-12-16T20:21:32.338619+00:00' AIRFLOW_CTX_TRY_NUMBER='3' AIRFLOW_CTX_DAG_RUN_ID='manual__2025-12-16T20:21:32.338619+00:00'
[2025-12-16T20:30:23.097+0000] {subprocess.py:63} INFO - Tmp dir root location: /tmp
[2025-12-16T20:30:23.098+0000] {subprocess.py:75} INFO - Running command: ['/usr/bin/bash', '-c', 'python /opt/***/spark/jobs/transform.py']
[2025-12-16T20:30:23.107+0000] {subprocess.py:86} INFO - Output:
[2025-12-16T20:30:25.394+0000] {subprocess.py:93} INFO - Setting default log level to "WARN".
[2025-12-16T20:30:25.395+0000] {subprocess.py:93} INFO - To adjust logging level use sc.setLogLevel(newLevel). For SparkR, use setLogLevel(newLevel).
[2025-12-16T20:30:25.669+0000] {subprocess.py:93} INFO - 25/12/16 20:30:25 WARN NativeCodeLoader: Unable to load native-hadoop library for your platform... using builtin-java classes where applicable
[2025-12-16T20:30:26.746+0000] {subprocess.py:93} INFO - 25/12/16 20:30:26 WARN Utils: Service 'SparkUI' could not bind on port 4040. Attempting port 4041.
[2025-12-16T20:30:35.509+0000] {subprocess.py:93} INFO - [Stage 4:>                                                          (0 + 1) / 1]25/12/16 20:30:35 WARN BasicWriteTaskStatsTracker: Expected 1 files, but only saw 0. This could be due to the output format not writing empty files, or files being not immediately visible in the filesystem.
[2025-12-16T20:30:35.523+0000] {subprocess.py:93} INFO -                                                                                 25/12/16 20:30:35 ERROR FileFormatWriter: Aborting job ad636f56-49fb-4dcf-b465-c8dd6ad3cad0.
[2025-12-16T20:30:35.524+0000] {subprocess.py:93} INFO - java.io.FileNotFoundException: File file:/data/processed/amazon_sales_cleaned/_temporary/0 does not exist
[2025-12-16T20:30:35.524+0000] {subprocess.py:93} INFO - 	at org.apache.hadoop.fs.RawLocalFileSystem.listStatus(RawLocalFileSystem.java:597)
[2025-12-16T20:30:35.525+0000] {subprocess.py:93} INFO - 	at org.apache.hadoop.fs.FileSystem.listStatus(FileSystem.java:1972)
[2025-12-16T20:30:35.525+0000] {subprocess.py:93} INFO - 	at org.apache.hadoop.fs.FileSystem.listStatus(FileSystem.java:2014)
[2025-12-16T20:30:35.526+0000] {subprocess.py:93} INFO - 	at org.apache.hadoop.fs.ChecksumFileSystem.listStatus(ChecksumFileSystem.java:761)
[2025-12-16T20:30:35.526+0000] {subprocess.py:93} INFO - 	at org.apache.hadoop.fs.FileSystem.listStatus(FileSystem.java:1972)
[2025-12-16T20:30:35.526+0000] {subprocess.py:93} INFO - 	at org.apache.hadoop.fs.FileSystem.listStatus(FileSystem.java:2014)
[2025-12-16T20:30:35.527+0000] {subprocess.py:93} INFO - 	at org.apache.hadoop.mapreduce.lib.output.FileOutputCommitter.getAllCommittedTaskPaths(FileOutputCommitter.java:334)
[2025-12-16T20:30:35.527+0000] {subprocess.py:93} INFO - 	at org.apache.hadoop.mapreduce.lib.output.FileOutputCommitter.commitJobInternal(FileOutputCommitter.java:404)
[2025-12-16T20:30:35.528+0000] {subprocess.py:93} INFO - 	at org.apache.hadoop.mapreduce.lib.output.FileOutputCommitter.commitJob(FileOutputCommitter.java:377)
[2025-12-16T20:30:35.528+0000] {subprocess.py:93} INFO - 	at org.apache.parquet.hadoop.ParquetOutputCommitter.commitJob(ParquetOutputCommitter.java:48)
[2025-12-16T20:30:35.528+0000] {subprocess.py:93} INFO - 	at org.apache.spark.internal.io.HadoopMapReduceCommitProtocol.commitJob(HadoopMapReduceCommitProtocol.scala:192)
[2025-12-16T20:30:35.529+0000] {subprocess.py:93} INFO - 	at org.apache.spark.sql.execution.datasources.FileFormatWriter$.$anonfun$writeAndCommit$3(FileFormatWriter.scala:275)
[2025-12-16T20:30:35.529+0000] {subprocess.py:93} INFO - 	at scala.runtime.java8.JFunction0$mcV$sp.apply(JFunction0$mcV$sp.java:23)
[2025-12-16T20:30:35.529+0000] {subprocess.py:93} INFO - 	at org.apache.spark.util.Utils$.timeTakenMs(Utils.scala:640)
[2025-12-16T20:30:35.530+0000] {subprocess.py:93} INFO - 	at org.apache.spark.sql.execution.datasources.FileFormatWriter$.writeAndCommit(FileFormatWriter.scala:275)
[2025-12-16T20:30:35.530+0000] {subprocess.py:93} INFO - 	at org.apache.spark.sql.execution.datasources.FileFormatWriter$.executeWrite(FileFormatWriter.scala:304)
[2025-12-16T20:30:35.530+0000] {subprocess.py:93} INFO - 	at org.apache.spark.sql.execution.datasources.FileFormatWriter$.write(FileFormatWriter.scala:190)
[2025-12-16T20:30:35.530+0000] {subprocess.py:93} INFO - 	at org.apache.spark.sql.execution.datasources.InsertIntoHadoopFsRelationCommand.run(InsertIntoHadoopFsRelationCommand.scala:190)
[2025-12-16T20:30:35.531+0000] {subprocess.py:93} INFO - 	at org.apache.spark.sql.execution.command.DataWritingCommandExec.sideEffectResult$lzycompute(commands.scala:113)
[2025-12-16T20:30:35.531+0000] {subprocess.py:93} INFO - 	at org.apache.spark.sql.execution.command.DataWritingCommandExec.sideEffectResult(commands.scala:111)
[2025-12-16T20:30:35.531+0000] {subprocess.py:93} INFO - 	at org.apache.spark.sql.execution.command.DataWritingCommandExec.executeCollect(commands.scala:125)
[2025-12-16T20:30:35.532+0000] {subprocess.py:93} INFO - 	at org.apache.spark.sql.execution.QueryExecution$$anonfun$eagerlyExecuteCommands$1.$anonfun$applyOrElse$1(QueryExecution.scala:98)
[2025-12-16T20:30:35.532+0000] {subprocess.py:93} INFO - 	at org.apache.spark.sql.execution.SQLExecution$.$anonfun$withNewExecutionId$6(SQLExecution.scala:118)
[2025-12-16T20:30:35.532+0000] {subprocess.py:93} INFO - 	at org.apache.spark.sql.execution.SQLExecution$.withSQLConfPropagated(SQLExecution.scala:195)
[2025-12-16T20:30:35.533+0000] {subprocess.py:93} INFO - 	at org.apache.spark.sql.execution.SQLExecution$.$anonfun$withNewExecutionId$1(SQLExecution.scala:103)
[2025-12-16T20:30:35.533+0000] {subprocess.py:93} INFO - 	at org.apache.spark.sql.SparkSession.withActive(SparkSession.scala:827)
[2025-12-16T20:30:35.533+0000] {subprocess.py:93} INFO - 	at org.apache.spark.sql.execution.SQLExecution$.withNewExecutionId(SQLExecution.scala:65)
[2025-12-16T20:30:35.534+0000] {subprocess.py:93} INFO - 	at org.apache.spark.sql.execution.QueryExecution$$anonfun$eagerlyExecuteCommands$1.applyOrElse(QueryExecution.scala:98)
[2025-12-16T20:30:35.534+0000] {subprocess.py:93} INFO - 	at org.apache.spark.sql.execution.QueryExecution$$anonfun$eagerlyExecuteCommands$1.applyOrElse(QueryExecution.scala:94)
[2025-12-16T20:30:35.534+0000] {subprocess.py:93} INFO - 	at org.apache.spark.sql.catalyst.trees.TreeNode.$anonfun$transformDownWithPruning$1(TreeNode.scala:512)
[2025-12-16T20:30:35.535+0000] {subprocess.py:93} INFO - 	at org.apache.spark.sql.catalyst.trees.CurrentOrigin$.withOrigin(TreeNode.scala:104)
[2025-12-16T20:30:35.535+0000] {subprocess.py:93} INFO - 	at org.apache.spark.sql.catalyst.trees.TreeNode.transformDownWithPruning(TreeNode.scala:512)
[2025-12-16T20:30:35.535+0000] {subprocess.py:93} INFO - 	at org.apache.spark.sql.catalyst.plans.logical.LogicalPlan.org$apache$spark$sql$catalyst$plans$logical$AnalysisHelper$$super$transformDownWithPruning(LogicalPlan.scala:31)
[2025-12-16T20:30:35.536+0000] {subprocess.py:93} INFO - 	at org.apache.spark.sql.catalyst.plans.logical.AnalysisHelper.transformDownWithPruning(AnalysisHelper.scala:267)
[2025-12-16T20:30:35.536+0000] {subprocess.py:93} INFO - 	at org.apache.spark.sql.catalyst.plans.logical.AnalysisHelper.transformDownWithPruning$(AnalysisHelper.scala:263)
[2025-12-16T20:30:35.536+0000] {subprocess.py:93} INFO - 	at org.apache.spark.sql.catalyst.plans.logical.LogicalPlan.transformDownWithPruning(LogicalPlan.scala:31)
[2025-12-16T20:30:35.536+0000] {subprocess.py:93} INFO - 	at org.apache.spark.sql.catalyst.plans.logical.LogicalPlan.transformDownWithPruning(LogicalPlan.scala:31)
[2025-12-16T20:30:35.537+0000] {subprocess.py:93} INFO - 	at org.apache.spark.sql.catalyst.trees.TreeNode.transformDown(TreeNode.scala:488)
[2025-12-16T20:30:35.537+0000] {subprocess.py:93} INFO - 	at org.apache.spark.sql.execution.QueryExecution.eagerlyExecuteCommands(QueryExecution.scala:94)
[2025-12-16T20:30:35.537+0000] {subprocess.py:93} INFO - 	at org.apache.spark.sql.execution.QueryExecution.commandExecuted$lzycompute(QueryExecution.scala:81)
[2025-12-16T20:30:35.538+0000] {subprocess.py:93} INFO - 	at org.apache.spark.sql.execution.QueryExecution.commandExecuted(QueryExecution.scala:79)
[2025-12-16T20:30:35.538+0000] {subprocess.py:93} INFO - 	at org.apache.spark.sql.execution.QueryExecution.assertCommandExecuted(QueryExecution.scala:133)
[2025-12-16T20:30:35.538+0000] {subprocess.py:93} INFO - 	at org.apache.spark.sql.DataFrameWriter.runCommand(DataFrameWriter.scala:856)
[2025-12-16T20:30:35.539+0000] {subprocess.py:93} INFO - 	at org.apache.spark.sql.DataFrameWriter.saveToV1Source(DataFrameWriter.scala:387)
[2025-12-16T20:30:35.539+0000] {subprocess.py:93} INFO - 	at org.apache.spark.sql.DataFrameWriter.saveInternal(DataFrameWriter.scala:360)
[2025-12-16T20:30:35.539+0000] {subprocess.py:93} INFO - 	at org.apache.spark.sql.DataFrameWriter.save(DataFrameWriter.scala:239)
[2025-12-16T20:30:35.540+0000] {subprocess.py:93} INFO - 	at org.apache.spark.sql.DataFrameWriter.parquet(DataFrameWriter.scala:789)
[2025-12-16T20:30:35.540+0000] {subprocess.py:93} INFO - 	at java.base/jdk.internal.reflect.NativeMethodAccessorImpl.invoke0(Native Method)
[2025-12-16T20:30:35.540+0000] {subprocess.py:93} INFO - 	at java.base/jdk.internal.reflect.NativeMethodAccessorImpl.invoke(NativeMethodAccessorImpl.java:77)
[2025-12-16T20:30:35.541+0000] {subprocess.py:93} INFO - 	at java.base/jdk.internal.reflect.DelegatingMethodAccessorImpl.invoke(DelegatingMethodAccessorImpl.java:43)
[2025-12-16T20:30:35.541+0000] {subprocess.py:93} INFO - 	at java.base/java.lang.reflect.Method.invoke(Method.java:569)
[2025-12-16T20:30:35.541+0000] {subprocess.py:93} INFO - 	at py4j.reflection.MethodInvoker.invoke(MethodInvoker.java:244)
[2025-12-16T20:30:35.542+0000] {subprocess.py:93} INFO - 	at py4j.reflection.ReflectionEngine.invoke(ReflectionEngine.java:374)
[2025-12-16T20:30:35.542+0000] {subprocess.py:93} INFO - 	at py4j.Gateway.invoke(Gateway.java:282)
[2025-12-16T20:30:35.542+0000] {subprocess.py:93} INFO - 	at py4j.commands.AbstractCommand.invokeMethod(AbstractCommand.java:132)
[2025-12-16T20:30:35.543+0000] {subprocess.py:93} INFO - 	at py4j.commands.CallCommand.execute(CallCommand.java:79)
[2025-12-16T20:30:35.543+0000] {subprocess.py:93} INFO - 	at py4j.ClientServerConnection.waitForCommands(ClientServerConnection.java:182)
[2025-12-16T20:30:35.543+0000] {subprocess.py:93} INFO - 	at py4j.ClientServerConnection.run(ClientServerConnection.java:106)
[2025-12-16T20:30:35.544+0000] {subprocess.py:93} INFO - 	at java.base/java.lang.Thread.run(Thread.java:840)
[2025-12-16T20:30:35.640+0000] {subprocess.py:93} INFO - Spark started: 3.4.1
[2025-12-16T20:30:35.641+0000] {subprocess.py:93} INFO - total raws after cleaned:  1462
[2025-12-16T20:30:35.647+0000] {subprocess.py:93} INFO - Traceback (most recent call last):
[2025-12-16T20:30:35.648+0000] {subprocess.py:93} INFO -   File "/opt/***/spark/jobs/transform.py", line 82, in <module>
[2025-12-16T20:30:35.648+0000] {subprocess.py:93} INFO -     main()
[2025-12-16T20:30:35.648+0000] {subprocess.py:93} INFO -   File "/opt/***/spark/jobs/transform.py", line 78, in main
[2025-12-16T20:30:35.649+0000] {subprocess.py:93} INFO -     df.write.mode("overwrite").parquet(str(processed_data_path))
[2025-12-16T20:30:35.649+0000] {subprocess.py:93} INFO -   File "/home/***/.local/lib/python3.8/site-packages/pyspark/sql/readwriter.py", line 1656, in parquet
[2025-12-16T20:30:35.649+0000] {subprocess.py:93} INFO -     self._jwrite.parquet(path)
[2025-12-16T20:30:35.650+0000] {subprocess.py:93} INFO -   File "/home/***/.local/lib/python3.8/site-packages/py4j/java_gateway.py", line 1322, in __call__
[2025-12-16T20:30:35.650+0000] {subprocess.py:93} INFO -     return_value = get_return_value(
[2025-12-16T20:30:35.650+0000] {subprocess.py:93} INFO -   File "/home/***/.local/lib/python3.8/site-packages/pyspark/errors/exceptions/captured.py", line 169, in deco
[2025-12-16T20:30:35.651+0000] {subprocess.py:93} INFO -     return f(*a, **kw)
[2025-12-16T20:30:35.651+0000] {subprocess.py:93} INFO -   File "/home/***/.local/lib/python3.8/site-packages/py4j/protocol.py", line 326, in get_return_value
[2025-12-16T20:30:35.651+0000] {subprocess.py:93} INFO -     raise Py4JJavaError(
[2025-12-16T20:30:35.652+0000] {subprocess.py:93} INFO - py4j.protocol.Py4JJavaError: An error occurred while calling o118.parquet.
[2025-12-16T20:30:35.652+0000] {subprocess.py:93} INFO - : java.io.FileNotFoundException: File file:/data/processed/amazon_sales_cleaned/_temporary/0 does not exist
[2025-12-16T20:30:35.652+0000] {subprocess.py:93} INFO - 	at org.apache.hadoop.fs.RawLocalFileSystem.listStatus(RawLocalFileSystem.java:597)
[2025-12-16T20:30:35.653+0000] {subprocess.py:93} INFO - 	at org.apache.hadoop.fs.FileSystem.listStatus(FileSystem.java:1972)
[2025-12-16T20:30:35.653+0000] {subprocess.py:93} INFO - 	at org.apache.hadoop.fs.FileSystem.listStatus(FileSystem.java:2014)
[2025-12-16T20:30:35.653+0000] {subprocess.py:93} INFO - 	at org.apache.hadoop.fs.ChecksumFileSystem.listStatus(ChecksumFileSystem.java:761)
[2025-12-16T20:30:35.654+0000] {subprocess.py:93} INFO - 	at org.apache.hadoop.fs.FileSystem.listStatus(FileSystem.java:1972)
[2025-12-16T20:30:35.654+0000] {subprocess.py:93} INFO - 	at org.apache.hadoop.fs.FileSystem.listStatus(FileSystem.java:2014)
[2025-12-16T20:30:35.654+0000] {subprocess.py:93} INFO - 	at org.apache.hadoop.mapreduce.lib.output.FileOutputCommitter.getAllCommittedTaskPaths(FileOutputCommitter.java:334)
[2025-12-16T20:30:35.655+0000] {subprocess.py:93} INFO - 	at org.apache.hadoop.mapreduce.lib.output.FileOutputCommitter.commitJobInternal(FileOutputCommitter.java:404)
[2025-12-16T20:30:35.655+0000] {subprocess.py:93} INFO - 	at org.apache.hadoop.mapreduce.lib.output.FileOutputCommitter.commitJob(FileOutputCommitter.java:377)
[2025-12-16T20:30:35.655+0000] {subprocess.py:93} INFO - 	at org.apache.parquet.hadoop.ParquetOutputCommitter.commitJob(ParquetOutputCommitter.java:48)
[2025-12-16T20:30:35.656+0000] {subprocess.py:93} INFO - 	at org.apache.spark.internal.io.HadoopMapReduceCommitProtocol.commitJob(HadoopMapReduceCommitProtocol.scala:192)
[2025-12-16T20:30:35.656+0000] {subprocess.py:93} INFO - 	at org.apache.spark.sql.execution.datasources.FileFormatWriter$.$anonfun$writeAndCommit$3(FileFormatWriter.scala:275)
[2025-12-16T20:30:35.656+0000] {subprocess.py:93} INFO - 	at scala.runtime.java8.JFunction0$mcV$sp.apply(JFunction0$mcV$sp.java:23)
[2025-12-16T20:30:35.657+0000] {subprocess.py:93} INFO - 	at org.apache.spark.util.Utils$.timeTakenMs(Utils.scala:640)
[2025-12-16T20:30:35.657+0000] {subprocess.py:93} INFO - 	at org.apache.spark.sql.execution.datasources.FileFormatWriter$.writeAndCommit(FileFormatWriter.scala:275)
[2025-12-16T20:30:35.657+0000] {subprocess.py:93} INFO - 	at org.apache.spark.sql.execution.datasources.FileFormatWriter$.executeWrite(FileFormatWriter.scala:304)
[2025-12-16T20:30:35.658+0000] {subprocess.py:93} INFO - 	at org.apache.spark.sql.execution.datasources.FileFormatWriter$.write(FileFormatWriter.scala:190)
[2025-12-16T20:30:35.658+0000] {subprocess.py:93} INFO - 	at org.apache.spark.sql.execution.datasources.InsertIntoHadoopFsRelationCommand.run(InsertIntoHadoopFsRelationCommand.scala:190)
[2025-12-16T20:30:35.659+0000] {subprocess.py:93} INFO - 	at org.apache.spark.sql.execution.command.DataWritingCommandExec.sideEffectResult$lzycompute(commands.scala:113)
[2025-12-16T20:30:35.659+0000] {subprocess.py:93} INFO - 	at org.apache.spark.sql.execution.command.DataWritingCommandExec.sideEffectResult(commands.scala:111)
[2025-12-16T20:30:35.661+0000] {subprocess.py:93} INFO - 	at org.apache.spark.sql.execution.command.DataWritingCommandExec.executeCollect(commands.scala:125)
[2025-12-16T20:30:35.661+0000] {subprocess.py:93} INFO - 	at org.apache.spark.sql.execution.QueryExecution$$anonfun$eagerlyExecuteCommands$1.$anonfun$applyOrElse$1(QueryExecution.scala:98)
[2025-12-16T20:30:35.662+0000] {subprocess.py:93} INFO - 	at org.apache.spark.sql.execution.SQLExecution$.$anonfun$withNewExecutionId$6(SQLExecution.scala:118)
[2025-12-16T20:30:35.662+0000] {subprocess.py:93} INFO - 	at org.apache.spark.sql.execution.SQLExecution$.withSQLConfPropagated(SQLExecution.scala:195)
[2025-12-16T20:30:35.662+0000] {subprocess.py:93} INFO - 	at org.apache.spark.sql.execution.SQLExecution$.$anonfun$withNewExecutionId$1(SQLExecution.scala:103)
[2025-12-16T20:30:35.662+0000] {subprocess.py:93} INFO - 	at org.apache.spark.sql.SparkSession.withActive(SparkSession.scala:827)
[2025-12-16T20:30:35.663+0000] {subprocess.py:93} INFO - 	at org.apache.spark.sql.execution.SQLExecution$.withNewExecutionId(SQLExecution.scala:65)
[2025-12-16T20:30:35.663+0000] {subprocess.py:93} INFO - 	at org.apache.spark.sql.execution.QueryExecution$$anonfun$eagerlyExecuteCommands$1.applyOrElse(QueryExecution.scala:98)
[2025-12-16T20:30:35.663+0000] {subprocess.py:93} INFO - 	at org.apache.spark.sql.execution.QueryExecution$$anonfun$eagerlyExecuteCommands$1.applyOrElse(QueryExecution.scala:94)
[2025-12-16T20:30:35.664+0000] {subprocess.py:93} INFO - 	at org.apache.spark.sql.catalyst.trees.TreeNode.$anonfun$transformDownWithPruning$1(TreeNode.scala:512)
[2025-12-16T20:30:35.664+0000] {subprocess.py:93} INFO - 	at org.apache.spark.sql.catalyst.trees.CurrentOrigin$.withOrigin(TreeNode.scala:104)
[2025-12-16T20:30:35.664+0000] {subprocess.py:93} INFO - 	at org.apache.spark.sql.catalyst.trees.TreeNode.transformDownWithPruning(TreeNode.scala:512)
[2025-12-16T20:30:35.664+0000] {subprocess.py:93} INFO - 	at org.apache.spark.sql.catalyst.plans.logical.LogicalPlan.org$apache$spark$sql$catalyst$plans$logical$AnalysisHelper$$super$transformDownWithPruning(LogicalPlan.scala:31)
[2025-12-16T20:30:35.665+0000] {subprocess.py:93} INFO - 	at org.apache.spark.sql.catalyst.plans.logical.AnalysisHelper.transformDownWithPruning(AnalysisHelper.scala:267)
[2025-12-16T20:30:35.665+0000] {subprocess.py:93} INFO - 	at org.apache.spark.sql.catalyst.plans.logical.AnalysisHelper.transformDownWithPruning$(AnalysisHelper.scala:263)
[2025-12-16T20:30:35.665+0000] {subprocess.py:93} INFO - 	at org.apache.spark.sql.catalyst.plans.logical.LogicalPlan.transformDownWithPruning(LogicalPlan.scala:31)
[2025-12-16T20:30:35.666+0000] {subprocess.py:93} INFO - 	at org.apache.spark.sql.catalyst.plans.logical.LogicalPlan.transformDownWithPruning(LogicalPlan.scala:31)
[2025-12-16T20:30:35.666+0000] {subprocess.py:93} INFO - 	at org.apache.spark.sql.catalyst.trees.TreeNode.transformDown(TreeNode.scala:488)
[2025-12-16T20:30:35.666+0000] {subprocess.py:93} INFO - 	at org.apache.spark.sql.execution.QueryExecution.eagerlyExecuteCommands(QueryExecution.scala:94)
[2025-12-16T20:30:35.666+0000] {subprocess.py:93} INFO - 	at org.apache.spark.sql.execution.QueryExecution.commandExecuted$lzycompute(QueryExecution.scala:81)
[2025-12-16T20:30:35.667+0000] {subprocess.py:93} INFO - 	at org.apache.spark.sql.execution.QueryExecution.commandExecuted(QueryExecution.scala:79)
[2025-12-16T20:30:35.667+0000] {subprocess.py:93} INFO - 	at org.apache.spark.sql.execution.QueryExecution.assertCommandExecuted(QueryExecution.scala:133)
[2025-12-16T20:30:35.667+0000] {subprocess.py:93} INFO - 	at org.apache.spark.sql.DataFrameWriter.runCommand(DataFrameWriter.scala:856)
[2025-12-16T20:30:35.668+0000] {subprocess.py:93} INFO - 	at org.apache.spark.sql.DataFrameWriter.saveToV1Source(DataFrameWriter.scala:387)
[2025-12-16T20:30:35.668+0000] {subprocess.py:93} INFO - 	at org.apache.spark.sql.DataFrameWriter.saveInternal(DataFrameWriter.scala:360)
[2025-12-16T20:30:35.668+0000] {subprocess.py:93} INFO - 	at org.apache.spark.sql.DataFrameWriter.save(DataFrameWriter.scala:239)
[2025-12-16T20:30:35.669+0000] {subprocess.py:93} INFO - 	at org.apache.spark.sql.DataFrameWriter.parquet(DataFrameWriter.scala:789)
[2025-12-16T20:30:35.669+0000] {subprocess.py:93} INFO - 	at java.base/jdk.internal.reflect.NativeMethodAccessorImpl.invoke0(Native Method)
[2025-12-16T20:30:35.669+0000] {subprocess.py:93} INFO - 	at java.base/jdk.internal.reflect.NativeMethodAccessorImpl.invoke(NativeMethodAccessorImpl.java:77)
[2025-12-16T20:30:35.669+0000] {subprocess.py:93} INFO - 	at java.base/jdk.internal.reflect.DelegatingMethodAccessorImpl.invoke(DelegatingMethodAccessorImpl.java:43)
[2025-12-16T20:30:35.670+0000] {subprocess.py:93} INFO - 	at java.base/java.lang.reflect.Method.invoke(Method.java:569)
[2025-12-16T20:30:35.670+0000] {subprocess.py:93} INFO - 	at py4j.reflection.MethodInvoker.invoke(MethodInvoker.java:244)
[2025-12-16T20:30:35.670+0000] {subprocess.py:93} INFO - 	at py4j.reflection.ReflectionEngine.invoke(ReflectionEngine.java:374)
[2025-12-16T20:30:35.671+0000] {subprocess.py:93} INFO - 	at py4j.Gateway.invoke(Gateway.java:282)
[2025-12-16T20:30:35.671+0000] {subprocess.py:93} INFO - 	at py4j.commands.AbstractCommand.invokeMethod(AbstractCommand.java:132)
[2025-12-16T20:30:35.671+0000] {subprocess.py:93} INFO - 	at py4j.commands.CallCommand.execute(CallCommand.java:79)
[2025-12-16T20:30:35.672+0000] {subprocess.py:93} INFO - 	at py4j.ClientServerConnection.waitForCommands(ClientServerConnection.java:182)
[2025-12-16T20:30:35.672+0000] {subprocess.py:93} INFO - 	at py4j.ClientServerConnection.run(ClientServerConnection.java:106)
[2025-12-16T20:30:35.673+0000] {subprocess.py:93} INFO - 	at java.base/java.lang.Thread.run(Thread.java:840)
[2025-12-16T20:30:35.673+0000] {subprocess.py:93} INFO - 
[2025-12-16T20:30:36.110+0000] {subprocess.py:97} INFO - Command exited with return code 1
[2025-12-16T20:30:36.119+0000] {taskinstance.py:2698} ERROR - Task failed with exception
Traceback (most recent call last):
  File "/home/airflow/.local/lib/python3.8/site-packages/airflow/models/taskinstance.py", line 433, in _execute_task
    result = execute_callable(context=context, **execute_callable_kwargs)
  File "/home/airflow/.local/lib/python3.8/site-packages/airflow/operators/bash.py", line 212, in execute
    raise AirflowException(
airflow.exceptions.AirflowException: Bash command failed. The command returned a non-zero exit code 1.
[2025-12-16T20:30:36.123+0000] {taskinstance.py:1138} INFO - Marking task as FAILED. dag_id=amazon_sales_etl, task_id=transform_data, execution_date=20251216T202132, start_date=20251216T203022, end_date=20251216T203036
[2025-12-16T20:30:36.164+0000] {standard_task_runner.py:107} ERROR - Failed to execute job 34 for task transform_data (Bash command failed. The command returned a non-zero exit code 1.; 1443)
[2025-12-16T20:30:36.195+0000] {local_task_job_runner.py:234} INFO - Task exited with return code 1
[2025-12-16T20:30:36.215+0000] {taskinstance.py:3280} INFO - 0 downstream tasks scheduled from follow-on schedule check
