[2025-12-16T20:22:32.519+0000] {taskinstance.py:1956} INFO - Dependencies all met for dep_context=non-requeueable deps ti=<TaskInstance: amazon_sales_etl.create_product_summary manual__2025-12-16T20:15:38.248842+00:00 [queued]>
[2025-12-16T20:22:32.528+0000] {taskinstance.py:1956} INFO - Dependencies all met for dep_context=requeueable deps ti=<TaskInstance: amazon_sales_etl.create_product_summary manual__2025-12-16T20:15:38.248842+00:00 [queued]>
[2025-12-16T20:22:32.529+0000] {taskinstance.py:2170} INFO - Starting attempt 2 of 2
[2025-12-16T20:22:32.542+0000] {taskinstance.py:2191} INFO - Executing <Task(PostgresOperator): create_product_summary> on 2025-12-16 20:15:38.248842+00:00
[2025-12-16T20:22:32.546+0000] {standard_task_runner.py:60} INFO - Started process 511 to run task
[2025-12-16T20:22:32.551+0000] {standard_task_runner.py:87} INFO - Running: ['***', 'tasks', 'run', 'amazon_sales_etl', 'create_product_summary', 'manual__2025-12-16T20:15:38.248842+00:00', '--job-id', '19', '--raw', '--subdir', 'DAGS_FOLDER/amazon_sales_etl.py', '--cfg-path', '/tmp/tmpqlsdr2ix']
[2025-12-16T20:22:32.553+0000] {standard_task_runner.py:88} INFO - Job 19: Subtask create_product_summary
[2025-12-16T20:22:32.621+0000] {task_command.py:423} INFO - Running <TaskInstance: amazon_sales_etl.create_product_summary manual__2025-12-16T20:15:38.248842+00:00 [running]> on host 81e6fe386bc4
[2025-12-16T20:22:32.707+0000] {taskinstance.py:2480} INFO - Exporting env vars: AIRFLOW_CTX_DAG_OWNER='***' AIRFLOW_CTX_DAG_ID='amazon_sales_etl' AIRFLOW_CTX_TASK_ID='create_product_summary' AIRFLOW_CTX_EXECUTION_DATE='2025-12-16T20:15:38.248842+00:00' AIRFLOW_CTX_TRY_NUMBER='2' AIRFLOW_CTX_DAG_RUN_ID='manual__2025-12-16T20:15:38.248842+00:00'
[2025-12-16T20:22:32.709+0000] {sql.py:276} INFO - Executing: -- ============== create products_summary gold table ===============
do $$
begin
	if not exists (select 1 from pg_type where typname = 'rating_bucket_enum')
	then create type rating_bucket_enum as enum (
		'Excellent',
		'Good',
		'Average',
		'Poor'
	);
	end if;
end$$;
 

do $$
begin
    if not exists (select 1 from pg_type where typname = 'rating_strength_enum') then
        create type rating_strength_enum as enum (
            'very high',
            'high',
            'medium',
            'low'
        );
    end if;
end$$;



create table if not exists product_summary (
    product_id text,
    product_title text,
    category text,
    avg_rating double precision,
    rating_count integer,
    discounted_price real,
    actual_price real,
    discount_percentage integer,
    price_difference real,
    rating_bucket rating_bucket_enum,
    rating_strength rating_strength_enum
);
[2025-12-16T20:22:32.720+0000] {base.py:83} INFO - Using connection ID 'postgres_default' for task execution.
[2025-12-16T20:22:32.731+0000] {base.py:83} INFO - Using connection ID 'postgres_default' for task execution.
[2025-12-16T20:22:32.735+0000] {sql.py:450} INFO - Running statement: -- ============== create products_summary gold table ===============
do $$
begin
	if not exists (select 1 from pg_type where typname = 'rating_bucket_enum')
	then create type rating_bucket_enum as enum (
		'Excellent',
		'Good',
		'Average',
		'Poor'
	);
	end if;
end$$;
 

do $$
begin
    if not exists (select 1 from pg_type where typname = 'rating_strength_enum') then
        create type rating_strength_enum as enum (
            'very high',
            'high',
            'medium',
            'low'
        );
    end if;
end$$;



create table if not exists product_summary (
    product_id text,
    product_title text,
    category text,
    avg_rating double precision,
    rating_count integer,
    discounted_price real,
    actual_price real,
    discount_percentage integer,
    price_difference real,
    rating_bucket rating_bucket_enum,
    rating_strength rating_strength_enum
);, parameters: None
[2025-12-16T20:22:32.746+0000] {taskinstance.py:1138} INFO - Marking task as SUCCESS. dag_id=amazon_sales_etl, task_id=create_product_summary, execution_date=20251216T201538, start_date=20251216T202232, end_date=20251216T202232
[2025-12-16T20:22:32.803+0000] {local_task_job_runner.py:234} INFO - Task exited with return code 0
[2025-12-16T20:22:32.834+0000] {taskinstance.py:3280} INFO - 0 downstream tasks scheduled from follow-on schedule check
