[2025-12-15T13:39:09.781+0000] {taskinstance.py:1956} INFO - Dependencies all met for dep_context=non-requeueable deps ti=<TaskInstance: amazon_sales_etl.download_data manual__2025-12-15T13:39:09.034809+00:00 [queued]>
[2025-12-15T13:39:09.789+0000] {taskinstance.py:1956} INFO - Dependencies all met for dep_context=requeueable deps ti=<TaskInstance: amazon_sales_etl.download_data manual__2025-12-15T13:39:09.034809+00:00 [queued]>
[2025-12-15T13:39:09.790+0000] {taskinstance.py:2170} INFO - Starting attempt 1 of 1
[2025-12-15T13:39:09.802+0000] {taskinstance.py:2191} INFO - Executing <Task(BashOperator): download_data> on 2025-12-15 13:39:09.034809+00:00
[2025-12-15T13:39:09.806+0000] {standard_task_runner.py:60} INFO - Started process 208 to run task
[2025-12-15T13:39:09.809+0000] {standard_task_runner.py:87} INFO - Running: ['***', 'tasks', 'run', 'amazon_sales_etl', 'download_data', 'manual__2025-12-15T13:39:09.034809+00:00', '--job-id', '75', '--raw', '--subdir', 'DAGS_FOLDER/amazon_sales_etl.py', '--cfg-path', '/tmp/tmph54y2pf5']
[2025-12-15T13:39:09.812+0000] {standard_task_runner.py:88} INFO - Job 75: Subtask download_data
[2025-12-15T13:39:09.869+0000] {task_command.py:423} INFO - Running <TaskInstance: amazon_sales_etl.download_data manual__2025-12-15T13:39:09.034809+00:00 [running]> on host 9fedf83b1ce5
[2025-12-15T13:39:09.941+0000] {taskinstance.py:2480} INFO - Exporting env vars: AIRFLOW_CTX_DAG_OWNER='***' AIRFLOW_CTX_DAG_ID='amazon_sales_etl' AIRFLOW_CTX_TASK_ID='download_data' AIRFLOW_CTX_EXECUTION_DATE='2025-12-15T13:39:09.034809+00:00' AIRFLOW_CTX_TRY_NUMBER='1' AIRFLOW_CTX_DAG_RUN_ID='manual__2025-12-15T13:39:09.034809+00:00'
[2025-12-15T13:39:09.943+0000] {subprocess.py:63} INFO - Tmp dir root location: /tmp
[2025-12-15T13:39:09.944+0000] {subprocess.py:75} INFO - Running command: ['/usr/bin/bash', '-c', 'python bronze.py']
[2025-12-15T13:39:09.951+0000] {subprocess.py:86} INFO - Output:
[2025-12-15T13:39:09.973+0000] {subprocess.py:93} INFO - python: can't open file 'bronze.py': [Errno 2] No such file or directory
[2025-12-15T13:39:09.975+0000] {subprocess.py:97} INFO - Command exited with return code 2
[2025-12-15T13:39:09.985+0000] {taskinstance.py:2698} ERROR - Task failed with exception
Traceback (most recent call last):
  File "/home/airflow/.local/lib/python3.8/site-packages/airflow/models/taskinstance.py", line 433, in _execute_task
    result = execute_callable(context=context, **execute_callable_kwargs)
  File "/home/airflow/.local/lib/python3.8/site-packages/airflow/operators/bash.py", line 212, in execute
    raise AirflowException(
airflow.exceptions.AirflowException: Bash command failed. The command returned a non-zero exit code 2.
[2025-12-15T13:39:09.988+0000] {taskinstance.py:1138} INFO - Marking task as FAILED. dag_id=amazon_sales_etl, task_id=download_data, execution_date=20251215T133909, start_date=20251215T133909, end_date=20251215T133909
[2025-12-15T13:39:09.998+0000] {standard_task_runner.py:107} ERROR - Failed to execute job 75 for task download_data (Bash command failed. The command returned a non-zero exit code 2.; 208)
[2025-12-15T13:39:10.023+0000] {local_task_job_runner.py:234} INFO - Task exited with return code 1
[2025-12-15T13:39:10.036+0000] {taskinstance.py:3280} INFO - 0 downstream tasks scheduled from follow-on schedule check
