[2025-12-15T14:27:00.394+0000] {taskinstance.py:1956} INFO - Dependencies all met for dep_context=non-requeueable deps ti=<TaskInstance: amazon_sales_etl.download_data manual__2025-12-15T14:26:59.457949+00:00 [queued]>
[2025-12-15T14:27:00.401+0000] {taskinstance.py:1956} INFO - Dependencies all met for dep_context=requeueable deps ti=<TaskInstance: amazon_sales_etl.download_data manual__2025-12-15T14:26:59.457949+00:00 [queued]>
[2025-12-15T14:27:00.401+0000] {taskinstance.py:2170} INFO - Starting attempt 1 of 1
[2025-12-15T14:27:00.413+0000] {taskinstance.py:2191} INFO - Executing <Task(BashOperator): download_data> on 2025-12-15 14:26:59.457949+00:00
[2025-12-15T14:27:00.417+0000] {standard_task_runner.py:60} INFO - Started process 232 to run task
[2025-12-15T14:27:00.421+0000] {standard_task_runner.py:87} INFO - Running: ['***', 'tasks', 'run', 'amazon_sales_etl', 'download_data', 'manual__2025-12-15T14:26:59.457949+00:00', '--job-id', '81', '--raw', '--subdir', 'DAGS_FOLDER/amazon_sales_etl.py', '--cfg-path', '/tmp/tmpyv6zlyoj']
[2025-12-15T14:27:00.424+0000] {standard_task_runner.py:88} INFO - Job 81: Subtask download_data
[2025-12-15T14:27:00.479+0000] {task_command.py:423} INFO - Running <TaskInstance: amazon_sales_etl.download_data manual__2025-12-15T14:26:59.457949+00:00 [running]> on host 77b5a49f3616
[2025-12-15T14:27:00.554+0000] {taskinstance.py:2480} INFO - Exporting env vars: AIRFLOW_CTX_DAG_OWNER='***' AIRFLOW_CTX_DAG_ID='amazon_sales_etl' AIRFLOW_CTX_TASK_ID='download_data' AIRFLOW_CTX_EXECUTION_DATE='2025-12-15T14:26:59.457949+00:00' AIRFLOW_CTX_TRY_NUMBER='1' AIRFLOW_CTX_DAG_RUN_ID='manual__2025-12-15T14:26:59.457949+00:00'
[2025-12-15T14:27:00.556+0000] {subprocess.py:63} INFO - Tmp dir root location: /tmp
[2025-12-15T14:27:00.557+0000] {subprocess.py:75} INFO - Running command: ['/usr/bin/bash', '-c', 'python /opt/***/spark/jobs/bronze.py']
[2025-12-15T14:27:00.564+0000] {subprocess.py:86} INFO - Output:
[2025-12-15T14:27:01.365+0000] {subprocess.py:93} INFO - Warning: Looks like you're using an outdated `kagglehub` version, please consider updating (latest version: 0.3.13)
[2025-12-15T14:27:02.385+0000] {subprocess.py:93} INFO - Downloading from https://www.kaggle.com/api/v1/datasets/download/karkavelrajaj/amazon-sales-dataset?dataset_version_number=1...
[2025-12-15T14:27:04.094+0000] {subprocess.py:93} INFO -   0%|          | 0.00/1.95M [00:00<?, ?B/s] 51%|█████▏    | 1.00M/1.95M [00:01<00:01, 747kB/s]100%|██████████| 1.95M/1.95M [00:01<00:00, 1.37MB/s]100%|██████████| 1.95M/1.95M [00:01<00:00, 1.21MB/s]Extracting model files...
[2025-12-15T14:27:04.157+0000] {subprocess.py:93} INFO - 
[2025-12-15T14:27:04.158+0000] {subprocess.py:93} INFO - Bronze layer completed. File saved to: /data/raw/amazon_sales_raw.csv
[2025-12-15T14:27:04.175+0000] {subprocess.py:97} INFO - Command exited with return code 0
[2025-12-15T14:27:04.195+0000] {taskinstance.py:1138} INFO - Marking task as SUCCESS. dag_id=amazon_sales_etl, task_id=download_data, execution_date=20251215T142659, start_date=20251215T142700, end_date=20251215T142704
[2025-12-15T14:27:04.249+0000] {local_task_job_runner.py:234} INFO - Task exited with return code 0
[2025-12-15T14:27:04.262+0000] {taskinstance.py:3280} INFO - 0 downstream tasks scheduled from follow-on schedule check
