[2025-12-16T05:33:51.967+0000] {taskinstance.py:1956} INFO - Dependencies all met for dep_context=non-requeueable deps ti=<TaskInstance: amazon_sales_etl.gold_aggregations manual__2025-12-16T05:33:51.294597+00:00 [queued]>
[2025-12-16T05:33:51.973+0000] {taskinstance.py:1956} INFO - Dependencies all met for dep_context=requeueable deps ti=<TaskInstance: amazon_sales_etl.gold_aggregations manual__2025-12-16T05:33:51.294597+00:00 [queued]>
[2025-12-16T05:33:51.974+0000] {taskinstance.py:2170} INFO - Starting attempt 1 of 1
[2025-12-16T05:33:51.986+0000] {taskinstance.py:2191} INFO - Executing <Task(BashOperator): gold_aggregations> on 2025-12-16 05:33:51.294597+00:00
[2025-12-16T05:33:51.990+0000] {standard_task_runner.py:60} INFO - Started process 989 to run task
[2025-12-16T05:33:51.994+0000] {standard_task_runner.py:87} INFO - Running: ['***', 'tasks', 'run', 'amazon_sales_etl', 'gold_aggregations', 'manual__2025-12-16T05:33:51.294597+00:00', '--job-id', '120', '--raw', '--subdir', 'DAGS_FOLDER/amazon_sales_etl.py', '--cfg-path', '/tmp/tmpgpt9c_8k']
[2025-12-16T05:33:51.996+0000] {standard_task_runner.py:88} INFO - Job 120: Subtask gold_aggregations
[2025-12-16T05:33:52.047+0000] {task_command.py:423} INFO - Running <TaskInstance: amazon_sales_etl.gold_aggregations manual__2025-12-16T05:33:51.294597+00:00 [running]> on host 77b5a49f3616
[2025-12-16T05:33:52.111+0000] {taskinstance.py:2480} INFO - Exporting env vars: AIRFLOW_CTX_DAG_OWNER='***' AIRFLOW_CTX_DAG_ID='amazon_sales_etl' AIRFLOW_CTX_TASK_ID='gold_aggregations' AIRFLOW_CTX_EXECUTION_DATE='2025-12-16T05:33:51.294597+00:00' AIRFLOW_CTX_TRY_NUMBER='1' AIRFLOW_CTX_DAG_RUN_ID='manual__2025-12-16T05:33:51.294597+00:00'
[2025-12-16T05:33:52.112+0000] {subprocess.py:63} INFO - Tmp dir root location: /tmp
[2025-12-16T05:33:52.113+0000] {subprocess.py:75} INFO - Running command: ['/usr/bin/bash', '-c', 'python /opt/***/spark/jobs/gold.py']
[2025-12-16T05:33:52.122+0000] {subprocess.py:86} INFO - Output:
[2025-12-16T05:33:53.557+0000] {subprocess.py:93} INFO - :: loading settings :: url = jar:file:/home/***/.local/lib/python3.8/site-packages/pyspark/jars/ivy-2.5.1.jar!/org/apache/ivy/core/settings/ivysettings.xml
[2025-12-16T05:33:53.629+0000] {subprocess.py:93} INFO - Ivy Default Cache set to: /home/***/.ivy2/cache
[2025-12-16T05:33:53.629+0000] {subprocess.py:93} INFO - The jars for the packages stored in: /home/***/.ivy2/jars
[2025-12-16T05:33:53.632+0000] {subprocess.py:93} INFO - org.postgresql#postgresql added as a dependency
[2025-12-16T05:33:53.633+0000] {subprocess.py:93} INFO - :: resolving dependencies :: org.apache.spark#spark-submit-parent-37d54725-944c-428d-ae30-d7fb4ed088e3;1.0
[2025-12-16T05:33:53.634+0000] {subprocess.py:93} INFO - 	confs: [default]
[2025-12-16T05:33:53.712+0000] {subprocess.py:93} INFO - 	found org.postgresql#postgresql;42.7.3 in central
[2025-12-16T05:33:53.728+0000] {subprocess.py:93} INFO - 	found org.checkerframework#checker-qual;3.42.0 in central
[2025-12-16T05:33:53.739+0000] {subprocess.py:93} INFO - :: resolution report :: resolve 102ms :: artifacts dl 4ms
[2025-12-16T05:33:53.740+0000] {subprocess.py:93} INFO - 	:: modules in use:
[2025-12-16T05:33:53.741+0000] {subprocess.py:93} INFO - 	org.checkerframework#checker-qual;3.42.0 from central in [default]
[2025-12-16T05:33:53.741+0000] {subprocess.py:93} INFO - 	org.postgresql#postgresql;42.7.3 from central in [default]
[2025-12-16T05:33:53.742+0000] {subprocess.py:93} INFO - 	---------------------------------------------------------------------
[2025-12-16T05:33:53.742+0000] {subprocess.py:93} INFO - 	|                  |            modules            ||   artifacts   |
[2025-12-16T05:33:53.742+0000] {subprocess.py:93} INFO - 	|       conf       | number| search|dwnlded|evicted|| number|dwnlded|
[2025-12-16T05:33:53.743+0000] {subprocess.py:93} INFO - 	---------------------------------------------------------------------
[2025-12-16T05:33:53.743+0000] {subprocess.py:93} INFO - 	|      default     |   2   |   0   |   0   |   0   ||   2   |   0   |
[2025-12-16T05:33:53.743+0000] {subprocess.py:93} INFO - 	---------------------------------------------------------------------
[2025-12-16T05:33:53.744+0000] {subprocess.py:93} INFO - :: retrieving :: org.apache.spark#spark-submit-parent-37d54725-944c-428d-ae30-d7fb4ed088e3
[2025-12-16T05:33:53.744+0000] {subprocess.py:93} INFO - 	confs: [default]
[2025-12-16T05:33:53.745+0000] {subprocess.py:93} INFO - 	0 artifacts copied, 2 already retrieved (0kB/3ms)
[2025-12-16T05:33:53.870+0000] {subprocess.py:93} INFO - 25/12/16 05:33:53 WARN NativeCodeLoader: Unable to load native-hadoop library for your platform... using builtin-java classes where applicable
[2025-12-16T05:33:54.004+0000] {subprocess.py:93} INFO - Setting default log level to "WARN".
[2025-12-16T05:33:54.004+0000] {subprocess.py:93} INFO - To adjust logging level use sc.setLogLevel(newLevel). For SparkR, use setLogLevel(newLevel).
[2025-12-16T05:33:58.928+0000] {subprocess.py:93} INFO - Spark started: 3.4.1
[2025-12-16T05:33:58.929+0000] {subprocess.py:93} INFO - Spark jars: file:///home/***/.ivy2/jars/org.postgresql_postgresql-42.7.3.jar,file:///home/***/.ivy2/jars/org.checkerframework_checker-qual-3.42.0.jar
[2025-12-16T05:33:58.929+0000] {subprocess.py:93} INFO - Data successfully written to table: product_summary
[2025-12-16T05:33:59.315+0000] {subprocess.py:97} INFO - Command exited with return code 0
[2025-12-16T05:33:59.338+0000] {taskinstance.py:1138} INFO - Marking task as SUCCESS. dag_id=amazon_sales_etl, task_id=gold_aggregations, execution_date=20251216T053351, start_date=20251216T053351, end_date=20251216T053359
[2025-12-16T05:33:59.387+0000] {local_task_job_runner.py:234} INFO - Task exited with return code 0
[2025-12-16T05:33:59.399+0000] {taskinstance.py:3280} INFO - 0 downstream tasks scheduled from follow-on schedule check
