[2025-12-15T11:33:05.096+0000] {taskinstance.py:1956} INFO - Dependencies all met for dep_context=non-requeueable deps ti=<TaskInstance: amazon_sales_etl.create_top_product_summary manual__2025-12-15T11:33:01.986303+00:00 [queued]>
[2025-12-15T11:33:05.103+0000] {taskinstance.py:1956} INFO - Dependencies all met for dep_context=requeueable deps ti=<TaskInstance: amazon_sales_etl.create_top_product_summary manual__2025-12-15T11:33:01.986303+00:00 [queued]>
[2025-12-15T11:33:05.104+0000] {taskinstance.py:2170} INFO - Starting attempt 1 of 1
[2025-12-15T11:33:05.115+0000] {taskinstance.py:2191} INFO - Executing <Task(PostgresOperator): create_top_product_summary> on 2025-12-15 11:33:01.986303+00:00
[2025-12-15T11:33:05.119+0000] {standard_task_runner.py:60} INFO - Started process 266 to run task
[2025-12-15T11:33:05.123+0000] {standard_task_runner.py:87} INFO - Running: ['***', 'tasks', 'run', 'amazon_sales_etl', 'create_top_product_summary', 'manual__2025-12-15T11:33:01.986303+00:00', '--job-id', '40', '--raw', '--subdir', 'DAGS_FOLDER/amazon_sales_etl.py', '--cfg-path', '/tmp/tmpn59kqu1o']
[2025-12-15T11:33:05.124+0000] {standard_task_runner.py:88} INFO - Job 40: Subtask create_top_product_summary
[2025-12-15T11:33:05.173+0000] {task_command.py:423} INFO - Running <TaskInstance: amazon_sales_etl.create_top_product_summary manual__2025-12-15T11:33:01.986303+00:00 [running]> on host 9fedf83b1ce5
[2025-12-15T11:33:05.239+0000] {taskinstance.py:2480} INFO - Exporting env vars: AIRFLOW_CTX_DAG_OWNER='***' AIRFLOW_CTX_DAG_ID='amazon_sales_etl' AIRFLOW_CTX_TASK_ID='create_top_product_summary' AIRFLOW_CTX_EXECUTION_DATE='2025-12-15T11:33:01.986303+00:00' AIRFLOW_CTX_TRY_NUMBER='1' AIRFLOW_CTX_DAG_RUN_ID='manual__2025-12-15T11:33:01.986303+00:00'
[2025-12-15T11:33:05.240+0000] {sql.py:276} INFO - Executing: 
-- ============== create top_products gold table ===============
create table if not exists top_products (
    product_id text,
    product_name text,
    category text,
    rating real,
    rating_count integer,
    discounted_price real,
    rank integer not null
);

[2025-12-15T11:33:05.248+0000] {base.py:83} INFO - Using connection ID 'postgres_default' for task execution.
[2025-12-15T11:33:05.256+0000] {base.py:83} INFO - Using connection ID 'postgres_default' for task execution.
[2025-12-15T11:33:05.260+0000] {sql.py:450} INFO - Running statement: 
-- ============== create top_products gold table ===============
create table if not exists top_products (
    product_id text,
    product_name text,
    category text,
    rating real,
    rating_count integer,
    discounted_price real,
    rank integer not null
);
, parameters: None
[2025-12-15T11:33:05.274+0000] {taskinstance.py:1138} INFO - Marking task as SUCCESS. dag_id=amazon_sales_etl, task_id=create_top_product_summary, execution_date=20251215T113301, start_date=20251215T113305, end_date=20251215T113305
[2025-12-15T11:33:05.295+0000] {local_task_job_runner.py:234} INFO - Task exited with return code 0
[2025-12-15T11:33:05.312+0000] {taskinstance.py:3280} INFO - 1 downstream tasks scheduled from follow-on schedule check
