[2025-12-15T11:09:48.506+0000] {taskinstance.py:1956} INFO - Dependencies all met for dep_context=non-requeueable deps ti=<TaskInstance: amazon_sales_etl.create_top_product_summary manual__2025-12-15T11:09:48.026442+00:00 [queued]>
[2025-12-15T11:09:48.515+0000] {taskinstance.py:1956} INFO - Dependencies all met for dep_context=requeueable deps ti=<TaskInstance: amazon_sales_etl.create_top_product_summary manual__2025-12-15T11:09:48.026442+00:00 [queued]>
[2025-12-15T11:09:48.515+0000] {taskinstance.py:2170} INFO - Starting attempt 1 of 1
[2025-12-15T11:09:48.528+0000] {taskinstance.py:2191} INFO - Executing <Task(PostgresOperator): create_top_product_summary> on 2025-12-15 11:09:48.026442+00:00
[2025-12-15T11:09:48.532+0000] {standard_task_runner.py:60} INFO - Started process 972 to run task
[2025-12-15T11:09:48.536+0000] {standard_task_runner.py:87} INFO - Running: ['***', 'tasks', 'run', 'amazon_sales_etl', 'create_top_product_summary', 'manual__2025-12-15T11:09:48.026442+00:00', '--job-id', '31', '--raw', '--subdir', 'DAGS_FOLDER/amazon_sales_etl.py', '--cfg-path', '/tmp/tmpig2hyk4w']
[2025-12-15T11:09:48.540+0000] {standard_task_runner.py:88} INFO - Job 31: Subtask create_top_product_summary
[2025-12-15T11:09:48.596+0000] {task_command.py:423} INFO - Running <TaskInstance: amazon_sales_etl.create_top_product_summary manual__2025-12-15T11:09:48.026442+00:00 [running]> on host 9fedf83b1ce5
[2025-12-15T11:09:48.680+0000] {taskinstance.py:2480} INFO - Exporting env vars: AIRFLOW_CTX_DAG_OWNER='***' AIRFLOW_CTX_DAG_ID='amazon_sales_etl' AIRFLOW_CTX_TASK_ID='create_top_product_summary' AIRFLOW_CTX_EXECUTION_DATE='2025-12-15T11:09:48.026442+00:00' AIRFLOW_CTX_TRY_NUMBER='1' AIRFLOW_CTX_DAG_RUN_ID='manual__2025-12-15T11:09:48.026442+00:00'
[2025-12-15T11:09:48.681+0000] {sql.py:276} INFO - Executing: 
            create table if not exists top_products (
            product_id text,
            product_name text,
            category text,
            rating real,
            rating_count integer,
            discounted_price real,
            rank integer not null
            );
            
[2025-12-15T11:09:48.688+0000] {base.py:83} INFO - Using connection ID 'postgres_default' for task execution.
[2025-12-15T11:09:48.697+0000] {base.py:83} INFO - Using connection ID 'postgres_default' for task execution.
[2025-12-15T11:09:48.701+0000] {sql.py:450} INFO - Running statement: 
            create table if not exists top_products (
            product_id text,
            product_name text,
            category text,
            rating real,
            rating_count integer,
            discounted_price real,
            rank integer not null
            );
            , parameters: None
[2025-12-15T11:09:48.721+0000] {taskinstance.py:1138} INFO - Marking task as SUCCESS. dag_id=amazon_sales_etl, task_id=create_top_product_summary, execution_date=20251215T110948, start_date=20251215T110948, end_date=20251215T110948
[2025-12-15T11:09:48.751+0000] {local_task_job_runner.py:234} INFO - Task exited with return code 0
[2025-12-15T11:09:48.767+0000] {taskinstance.py:3280} INFO - 1 downstream tasks scheduled from follow-on schedule check
