[2025-12-16T20:15:38.996+0000] {taskinstance.py:1956} INFO - Dependencies all met for dep_context=non-requeueable deps ti=<TaskInstance: amazon_sales_etl.create_category_summary manual__2025-12-16T20:15:38.248842+00:00 [queued]>
[2025-12-16T20:15:39.004+0000] {taskinstance.py:1956} INFO - Dependencies all met for dep_context=requeueable deps ti=<TaskInstance: amazon_sales_etl.create_category_summary manual__2025-12-16T20:15:38.248842+00:00 [queued]>
[2025-12-16T20:15:39.005+0000] {taskinstance.py:2170} INFO - Starting attempt 1 of 1
[2025-12-16T20:15:39.018+0000] {taskinstance.py:2191} INFO - Executing <Task(PostgresOperator): create_category_summary> on 2025-12-16 20:15:38.248842+00:00
[2025-12-16T20:15:39.022+0000] {standard_task_runner.py:60} INFO - Started process 237 to run task
[2025-12-16T20:15:39.027+0000] {standard_task_runner.py:87} INFO - Running: ['***', 'tasks', 'run', 'amazon_sales_etl', 'create_category_summary', 'manual__2025-12-16T20:15:38.248842+00:00', '--job-id', '11', '--raw', '--subdir', 'DAGS_FOLDER/amazon_sales_etl.py', '--cfg-path', '/tmp/tmpc8h4d9g_']
[2025-12-16T20:15:39.030+0000] {standard_task_runner.py:88} INFO - Job 11: Subtask create_category_summary
[2025-12-16T20:15:39.091+0000] {task_command.py:423} INFO - Running <TaskInstance: amazon_sales_etl.create_category_summary manual__2025-12-16T20:15:38.248842+00:00 [running]> on host 81e6fe386bc4
[2025-12-16T20:15:39.167+0000] {taskinstance.py:2480} INFO - Exporting env vars: AIRFLOW_CTX_DAG_OWNER='***' AIRFLOW_CTX_DAG_ID='amazon_sales_etl' AIRFLOW_CTX_TASK_ID='create_category_summary' AIRFLOW_CTX_EXECUTION_DATE='2025-12-16T20:15:38.248842+00:00' AIRFLOW_CTX_TRY_NUMBER='1' AIRFLOW_CTX_DAG_RUN_ID='manual__2025-12-16T20:15:38.248842+00:00'
[2025-12-16T20:15:39.168+0000] {sql.py:276} INFO - Executing: 
-- ============== create category_summary gold table ===============

create table if not exists category_summary (
    category text,
    total_products integer not null,
    avg_rating real,
    avg_rating_count real,
    avg_discount_percentage real,
    avg_price_difference real
);
[2025-12-16T20:15:39.186+0000] {taskinstance.py:2698} ERROR - Task failed with exception
Traceback (most recent call last):
  File "/home/airflow/.local/lib/python3.8/site-packages/airflow/models/taskinstance.py", line 433, in _execute_task
    result = execute_callable(context=context, **execute_callable_kwargs)
  File "/home/airflow/.local/lib/python3.8/site-packages/airflow/providers/common/sql/operators/sql.py", line 277, in execute
    hook = self.get_db_hook()
  File "/home/airflow/.local/lib/python3.8/site-packages/airflow/providers/common/sql/operators/sql.py", line 188, in get_db_hook
    return self._hook
  File "/usr/local/lib/python3.8/functools.py", line 967, in __get__
    val = self.func(instance)
  File "/home/airflow/.local/lib/python3.8/site-packages/airflow/providers/common/sql/operators/sql.py", line 150, in _hook
    conn = BaseHook.get_connection(conn_id)
  File "/home/airflow/.local/lib/python3.8/site-packages/airflow/hooks/base.py", line 82, in get_connection
    conn = Connection.get_connection_from_secrets(conn_id)
  File "/home/airflow/.local/lib/python3.8/site-packages/airflow/models/connection.py", line 479, in get_connection_from_secrets
    raise AirflowNotFoundException(f"The conn_id `{conn_id}` isn't defined")
airflow.exceptions.AirflowNotFoundException: The conn_id `postgres_default` isn't defined
[2025-12-16T20:15:39.189+0000] {taskinstance.py:1138} INFO - Marking task as FAILED. dag_id=amazon_sales_etl, task_id=create_category_summary, execution_date=20251216T201538, start_date=20251216T201538, end_date=20251216T201539
[2025-12-16T20:15:39.202+0000] {standard_task_runner.py:107} ERROR - Failed to execute job 11 for task create_category_summary (The conn_id `postgres_default` isn't defined; 237)
[2025-12-16T20:15:39.239+0000] {local_task_job_runner.py:234} INFO - Task exited with return code 1
[2025-12-16T20:15:39.289+0000] {taskinstance.py:3280} INFO - 0 downstream tasks scheduled from follow-on schedule check
