[2025-12-16T20:22:32.532+0000] {taskinstance.py:1956} INFO - Dependencies all met for dep_context=non-requeueable deps ti=<TaskInstance: amazon_sales_etl.create_category_summary manual__2025-12-16T20:15:38.248842+00:00 [queued]>
[2025-12-16T20:22:32.540+0000] {taskinstance.py:1956} INFO - Dependencies all met for dep_context=requeueable deps ti=<TaskInstance: amazon_sales_etl.create_category_summary manual__2025-12-16T20:15:38.248842+00:00 [queued]>
[2025-12-16T20:22:32.541+0000] {taskinstance.py:2170} INFO - Starting attempt 2 of 2
[2025-12-16T20:22:32.555+0000] {taskinstance.py:2191} INFO - Executing <Task(PostgresOperator): create_category_summary> on 2025-12-16 20:15:38.248842+00:00
[2025-12-16T20:22:32.560+0000] {standard_task_runner.py:60} INFO - Started process 513 to run task
[2025-12-16T20:22:32.564+0000] {standard_task_runner.py:87} INFO - Running: ['***', 'tasks', 'run', 'amazon_sales_etl', 'create_category_summary', 'manual__2025-12-16T20:15:38.248842+00:00', '--job-id', '21', '--raw', '--subdir', 'DAGS_FOLDER/amazon_sales_etl.py', '--cfg-path', '/tmp/tmpgpp6tvsk']
[2025-12-16T20:22:32.567+0000] {standard_task_runner.py:88} INFO - Job 21: Subtask create_category_summary
[2025-12-16T20:22:32.633+0000] {task_command.py:423} INFO - Running <TaskInstance: amazon_sales_etl.create_category_summary manual__2025-12-16T20:15:38.248842+00:00 [running]> on host 81e6fe386bc4
[2025-12-16T20:22:32.716+0000] {taskinstance.py:2480} INFO - Exporting env vars: AIRFLOW_CTX_DAG_OWNER='***' AIRFLOW_CTX_DAG_ID='amazon_sales_etl' AIRFLOW_CTX_TASK_ID='create_category_summary' AIRFLOW_CTX_EXECUTION_DATE='2025-12-16T20:15:38.248842+00:00' AIRFLOW_CTX_TRY_NUMBER='2' AIRFLOW_CTX_DAG_RUN_ID='manual__2025-12-16T20:15:38.248842+00:00'
[2025-12-16T20:22:32.721+0000] {sql.py:276} INFO - Executing: 
-- ============== create category_summary gold table ===============

create table if not exists category_summary (
    category text,
    total_products integer not null,
    avg_rating real,
    avg_rating_count real,
    avg_discount_percentage real,
    avg_price_difference real
);
[2025-12-16T20:22:32.732+0000] {base.py:83} INFO - Using connection ID 'postgres_default' for task execution.
[2025-12-16T20:22:32.742+0000] {base.py:83} INFO - Using connection ID 'postgres_default' for task execution.
[2025-12-16T20:22:32.746+0000] {sql.py:450} INFO - Running statement: 
-- ============== create category_summary gold table ===============

create table if not exists category_summary (
    category text,
    total_products integer not null,
    avg_rating real,
    avg_rating_count real,
    avg_discount_percentage real,
    avg_price_difference real
);, parameters: None
[2025-12-16T20:22:32.756+0000] {taskinstance.py:1138} INFO - Marking task as SUCCESS. dag_id=amazon_sales_etl, task_id=create_category_summary, execution_date=20251216T201538, start_date=20251216T202232, end_date=20251216T202232
[2025-12-16T20:22:32.778+0000] {local_task_job_runner.py:234} INFO - Task exited with return code 0
[2025-12-16T20:22:32.817+0000] {taskinstance.py:3280} INFO - 0 downstream tasks scheduled from follow-on schedule check
