[2025-12-15T11:57:21.075+0000] {taskinstance.py:1956} INFO - Dependencies all met for dep_context=non-requeueable deps ti=<TaskInstance: amazon_sales_etl.create_category_summary manual__2025-12-15T11:57:19.015403+00:00 [queued]>
[2025-12-15T11:57:21.082+0000] {taskinstance.py:1956} INFO - Dependencies all met for dep_context=requeueable deps ti=<TaskInstance: amazon_sales_etl.create_category_summary manual__2025-12-15T11:57:19.015403+00:00 [queued]>
[2025-12-15T11:57:21.083+0000] {taskinstance.py:2170} INFO - Starting attempt 1 of 1
[2025-12-15T11:57:21.094+0000] {taskinstance.py:2191} INFO - Executing <Task(PostgresOperator): create_category_summary> on 2025-12-15 11:57:19.015403+00:00
[2025-12-15T11:57:21.098+0000] {standard_task_runner.py:60} INFO - Started process 307 to run task
[2025-12-15T11:57:21.101+0000] {standard_task_runner.py:87} INFO - Running: ['***', 'tasks', 'run', 'amazon_sales_etl', 'create_category_summary', 'manual__2025-12-15T11:57:19.015403+00:00', '--job-id', '47', '--raw', '--subdir', 'DAGS_FOLDER/amazon_sales_etl.py', '--cfg-path', '/tmp/tmpkl2m8vfs']
[2025-12-15T11:57:21.103+0000] {standard_task_runner.py:88} INFO - Job 47: Subtask create_category_summary
[2025-12-15T11:57:21.152+0000] {task_command.py:423} INFO - Running <TaskInstance: amazon_sales_etl.create_category_summary manual__2025-12-15T11:57:19.015403+00:00 [running]> on host 9fedf83b1ce5
[2025-12-15T11:57:21.217+0000] {taskinstance.py:2480} INFO - Exporting env vars: AIRFLOW_CTX_DAG_OWNER='***' AIRFLOW_CTX_DAG_ID='amazon_sales_etl' AIRFLOW_CTX_TASK_ID='create_category_summary' AIRFLOW_CTX_EXECUTION_DATE='2025-12-15T11:57:19.015403+00:00' AIRFLOW_CTX_TRY_NUMBER='1' AIRFLOW_CTX_DAG_RUN_ID='manual__2025-12-15T11:57:19.015403+00:00'
[2025-12-15T11:57:21.218+0000] {sql.py:276} INFO - Executing: 
-- ============== create category_summary gold table ===============

create table if not exists category_summary (
    category text,
    total_products integer not null,
    avg_rating real,
    avg_rating_count real,
    avg_discount_percentage real,
    avg_price_difference real
);
[2025-12-15T11:57:21.226+0000] {base.py:83} INFO - Using connection ID 'postgres_default' for task execution.
[2025-12-15T11:57:21.234+0000] {base.py:83} INFO - Using connection ID 'postgres_default' for task execution.
[2025-12-15T11:57:21.237+0000] {sql.py:450} INFO - Running statement: 
-- ============== create category_summary gold table ===============

create table if not exists category_summary (
    category text,
    total_products integer not null,
    avg_rating real,
    avg_rating_count real,
    avg_discount_percentage real,
    avg_price_difference real
);, parameters: None
[2025-12-15T11:57:21.250+0000] {taskinstance.py:1138} INFO - Marking task as SUCCESS. dag_id=amazon_sales_etl, task_id=create_category_summary, execution_date=20251215T115719, start_date=20251215T115721, end_date=20251215T115721
[2025-12-15T11:57:21.273+0000] {local_task_job_runner.py:234} INFO - Task exited with return code 0
[2025-12-15T11:57:21.294+0000] {taskinstance.py:3280} INFO - 1 downstream tasks scheduled from follow-on schedule check
