[2025-12-16T05:36:06.091+0000] {taskinstance.py:1956} INFO - Dependencies all met for dep_context=non-requeueable deps ti=<TaskInstance: amazon_sales_etl.gold_aggregations manual__2025-12-16T05:36:05.696467+00:00 [queued]>
[2025-12-16T05:36:06.100+0000] {taskinstance.py:1956} INFO - Dependencies all met for dep_context=requeueable deps ti=<TaskInstance: amazon_sales_etl.gold_aggregations manual__2025-12-16T05:36:05.696467+00:00 [queued]>
[2025-12-16T05:36:06.101+0000] {taskinstance.py:2170} INFO - Starting attempt 1 of 1
[2025-12-16T05:36:06.112+0000] {taskinstance.py:2191} INFO - Executing <Task(BashOperator): gold_aggregations> on 2025-12-16 05:36:05.696467+00:00
[2025-12-16T05:36:06.117+0000] {standard_task_runner.py:60} INFO - Started process 1211 to run task
[2025-12-16T05:36:06.120+0000] {standard_task_runner.py:87} INFO - Running: ['***', 'tasks', 'run', 'amazon_sales_etl', 'gold_aggregations', 'manual__2025-12-16T05:36:05.696467+00:00', '--job-id', '121', '--raw', '--subdir', 'DAGS_FOLDER/amazon_sales_etl.py', '--cfg-path', '/tmp/tmpv5wi4m5v']
[2025-12-16T05:36:06.122+0000] {standard_task_runner.py:88} INFO - Job 121: Subtask gold_aggregations
[2025-12-16T05:36:06.177+0000] {task_command.py:423} INFO - Running <TaskInstance: amazon_sales_etl.gold_aggregations manual__2025-12-16T05:36:05.696467+00:00 [running]> on host 77b5a49f3616
[2025-12-16T05:36:06.249+0000] {taskinstance.py:2480} INFO - Exporting env vars: AIRFLOW_CTX_DAG_OWNER='***' AIRFLOW_CTX_DAG_ID='amazon_sales_etl' AIRFLOW_CTX_TASK_ID='gold_aggregations' AIRFLOW_CTX_EXECUTION_DATE='2025-12-16T05:36:05.696467+00:00' AIRFLOW_CTX_TRY_NUMBER='1' AIRFLOW_CTX_DAG_RUN_ID='manual__2025-12-16T05:36:05.696467+00:00'
[2025-12-16T05:36:06.251+0000] {subprocess.py:63} INFO - Tmp dir root location: /tmp
[2025-12-16T05:36:06.252+0000] {subprocess.py:75} INFO - Running command: ['/usr/bin/bash', '-c', 'python /opt/***/spark/jobs/gold.py']
[2025-12-16T05:36:06.261+0000] {subprocess.py:86} INFO - Output:
[2025-12-16T05:36:07.819+0000] {subprocess.py:93} INFO - :: loading settings :: url = jar:file:/home/***/.local/lib/python3.8/site-packages/pyspark/jars/ivy-2.5.1.jar!/org/apache/ivy/core/settings/ivysettings.xml
[2025-12-16T05:36:07.913+0000] {subprocess.py:93} INFO - Ivy Default Cache set to: /home/***/.ivy2/cache
[2025-12-16T05:36:07.914+0000] {subprocess.py:93} INFO - The jars for the packages stored in: /home/***/.ivy2/jars
[2025-12-16T05:36:07.918+0000] {subprocess.py:93} INFO - org.postgresql#postgresql added as a dependency
[2025-12-16T05:36:07.919+0000] {subprocess.py:93} INFO - :: resolving dependencies :: org.apache.spark#spark-submit-parent-8c849d95-3fce-4278-807a-73aa96d2eae0;1.0
[2025-12-16T05:36:07.919+0000] {subprocess.py:93} INFO - 	confs: [default]
[2025-12-16T05:36:08.008+0000] {subprocess.py:93} INFO - 	found org.postgresql#postgresql;42.7.3 in central
[2025-12-16T05:36:08.024+0000] {subprocess.py:93} INFO - 	found org.checkerframework#checker-qual;3.42.0 in central
[2025-12-16T05:36:08.037+0000] {subprocess.py:93} INFO - :: resolution report :: resolve 114ms :: artifacts dl 5ms
[2025-12-16T05:36:08.038+0000] {subprocess.py:93} INFO - 	:: modules in use:
[2025-12-16T05:36:08.038+0000] {subprocess.py:93} INFO - 	org.checkerframework#checker-qual;3.42.0 from central in [default]
[2025-12-16T05:36:08.039+0000] {subprocess.py:93} INFO - 	org.postgresql#postgresql;42.7.3 from central in [default]
[2025-12-16T05:36:08.039+0000] {subprocess.py:93} INFO - 	---------------------------------------------------------------------
[2025-12-16T05:36:08.040+0000] {subprocess.py:93} INFO - 	|                  |            modules            ||   artifacts   |
[2025-12-16T05:36:08.040+0000] {subprocess.py:93} INFO - 	|       conf       | number| search|dwnlded|evicted|| number|dwnlded|
[2025-12-16T05:36:08.041+0000] {subprocess.py:93} INFO - 	---------------------------------------------------------------------
[2025-12-16T05:36:08.041+0000] {subprocess.py:93} INFO - 	|      default     |   2   |   0   |   0   |   0   ||   2   |   0   |
[2025-12-16T05:36:08.042+0000] {subprocess.py:93} INFO - 	---------------------------------------------------------------------
[2025-12-16T05:36:08.042+0000] {subprocess.py:93} INFO - :: retrieving :: org.apache.spark#spark-submit-parent-8c849d95-3fce-4278-807a-73aa96d2eae0
[2025-12-16T05:36:08.042+0000] {subprocess.py:93} INFO - 	confs: [default]
[2025-12-16T05:36:08.044+0000] {subprocess.py:93} INFO - 	0 artifacts copied, 2 already retrieved (0kB/4ms)
[2025-12-16T05:36:08.186+0000] {subprocess.py:93} INFO - 25/12/16 05:36:08 WARN NativeCodeLoader: Unable to load native-hadoop library for your platform... using builtin-java classes where applicable
[2025-12-16T05:36:08.324+0000] {subprocess.py:93} INFO - Setting default log level to "WARN".
[2025-12-16T05:36:08.325+0000] {subprocess.py:93} INFO - To adjust logging level use sc.setLogLevel(newLevel). For SparkR, use setLogLevel(newLevel).
[2025-12-16T05:36:13.360+0000] {subprocess.py:93} INFO - Spark started: 3.4.1
[2025-12-16T05:36:13.360+0000] {subprocess.py:93} INFO - Spark jars: file:///home/***/.ivy2/jars/org.postgresql_postgresql-42.7.3.jar,file:///home/***/.ivy2/jars/org.checkerframework_checker-qual-3.42.0.jar
[2025-12-16T05:36:13.361+0000] {subprocess.py:93} INFO - after reading the df to save into db, total data is:  0
[2025-12-16T05:36:13.361+0000] {subprocess.py:93} INFO - Data successfully written to table: product_summary
[2025-12-16T05:36:13.745+0000] {subprocess.py:97} INFO - Command exited with return code 0
[2025-12-16T05:36:13.767+0000] {taskinstance.py:1138} INFO - Marking task as SUCCESS. dag_id=amazon_sales_etl, task_id=gold_aggregations, execution_date=20251216T053605, start_date=20251216T053606, end_date=20251216T053613
[2025-12-16T05:36:13.800+0000] {local_task_job_runner.py:234} INFO - Task exited with return code 0
[2025-12-16T05:36:13.813+0000] {taskinstance.py:3280} INFO - 0 downstream tasks scheduled from follow-on schedule check
