[2025-12-16T20:47:02.301+0000] {taskinstance.py:1956} INFO - Dependencies all met for dep_context=non-requeueable deps ti=<TaskInstance: amazon_sales_etl.transform_data manual__2025-12-16T20:46:55.860738+00:00 [queued]>
[2025-12-16T20:47:02.309+0000] {taskinstance.py:1956} INFO - Dependencies all met for dep_context=requeueable deps ti=<TaskInstance: amazon_sales_etl.transform_data manual__2025-12-16T20:46:55.860738+00:00 [queued]>
[2025-12-16T20:47:02.310+0000] {taskinstance.py:2170} INFO - Starting attempt 1 of 1
[2025-12-16T20:47:02.324+0000] {taskinstance.py:2191} INFO - Executing <Task(BashOperator): transform_data> on 2025-12-16 20:46:55.860738+00:00
[2025-12-16T20:47:02.328+0000] {standard_task_runner.py:60} INFO - Started process 204 to run task
[2025-12-16T20:47:02.332+0000] {standard_task_runner.py:87} INFO - Running: ['***', 'tasks', 'run', 'amazon_sales_etl', 'transform_data', 'manual__2025-12-16T20:46:55.860738+00:00', '--job-id', '47', '--raw', '--subdir', 'DAGS_FOLDER/amazon_sales_etl.py', '--cfg-path', '/tmp/tmp5ale1e44']
[2025-12-16T20:47:02.334+0000] {standard_task_runner.py:88} INFO - Job 47: Subtask transform_data
[2025-12-16T20:47:02.386+0000] {task_command.py:423} INFO - Running <TaskInstance: amazon_sales_etl.transform_data manual__2025-12-16T20:46:55.860738+00:00 [running]> on host b1e4dc5ca0b7
[2025-12-16T20:47:02.539+0000] {taskinstance.py:2480} INFO - Exporting env vars: AIRFLOW_CTX_DAG_OWNER='***' AIRFLOW_CTX_DAG_ID='amazon_sales_etl' AIRFLOW_CTX_TASK_ID='transform_data' AIRFLOW_CTX_EXECUTION_DATE='2025-12-16T20:46:55.860738+00:00' AIRFLOW_CTX_TRY_NUMBER='1' AIRFLOW_CTX_DAG_RUN_ID='manual__2025-12-16T20:46:55.860738+00:00'
[2025-12-16T20:47:02.540+0000] {subprocess.py:63} INFO - Tmp dir root location: /tmp
[2025-12-16T20:47:02.542+0000] {subprocess.py:75} INFO - Running command: ['/usr/bin/bash', '-c', 'python /opt/***/spark/jobs/transform.py']
[2025-12-16T20:47:02.550+0000] {subprocess.py:86} INFO - Output:
[2025-12-16T20:47:04.075+0000] {subprocess.py:93} INFO - Setting default log level to "WARN".
[2025-12-16T20:47:04.076+0000] {subprocess.py:93} INFO - To adjust logging level use sc.setLogLevel(newLevel). For SparkR, use setLogLevel(newLevel).
[2025-12-16T20:47:04.253+0000] {subprocess.py:93} INFO - 25/12/16 20:47:04 WARN NativeCodeLoader: Unable to load native-hadoop library for your platform... using builtin-java classes where applicable
[2025-12-16T20:47:11.065+0000] {subprocess.py:93} INFO - [Stage 4:>                                                          (0 + 1) / 1]                                                                                Spark started: 3.4.1
[2025-12-16T20:47:11.072+0000] {subprocess.py:93} INFO - total raws after cleaned:  1462
[2025-12-16T20:47:11.459+0000] {subprocess.py:97} INFO - Command exited with return code 0
[2025-12-16T20:47:11.510+0000] {taskinstance.py:1138} INFO - Marking task as SUCCESS. dag_id=amazon_sales_etl, task_id=transform_data, execution_date=20251216T204655, start_date=20251216T204702, end_date=20251216T204711
[2025-12-16T20:47:11.535+0000] {local_task_job_runner.py:234} INFO - Task exited with return code 0
[2025-12-16T20:47:11.551+0000] {taskinstance.py:3280} INFO - 1 downstream tasks scheduled from follow-on schedule check
