[2025-12-15T13:30:56.345+0000] {taskinstance.py:1956} INFO - Dependencies all met for dep_context=non-requeueable deps ti=<TaskInstance: amazon_sales_etl.download_data manual__2025-12-15T11:47:23.495119+00:00 [queued]>
[2025-12-15T13:30:56.359+0000] {taskinstance.py:1956} INFO - Dependencies all met for dep_context=requeueable deps ti=<TaskInstance: amazon_sales_etl.download_data manual__2025-12-15T11:47:23.495119+00:00 [queued]>
[2025-12-15T13:30:56.360+0000] {taskinstance.py:2170} INFO - Starting attempt 1 of 1
[2025-12-15T13:30:56.406+0000] {taskinstance.py:2191} INFO - Executing <Task(BashOperator): download_data> on 2025-12-15 11:47:23.495119+00:00
[2025-12-15T13:30:56.417+0000] {standard_task_runner.py:60} INFO - Started process 234 to run task
[2025-12-15T13:30:56.425+0000] {standard_task_runner.py:87} INFO - Running: ['***', 'tasks', 'run', 'amazon_sales_etl', 'download_data', 'manual__2025-12-15T11:47:23.495119+00:00', '--job-id', '62', '--raw', '--subdir', 'DAGS_FOLDER/amazon_sales_etl.py', '--cfg-path', '/tmp/tmpkd9nuujd']
[2025-12-15T13:30:56.431+0000] {standard_task_runner.py:88} INFO - Job 62: Subtask download_data
[2025-12-15T13:30:56.550+0000] {task_command.py:423} INFO - Running <TaskInstance: amazon_sales_etl.download_data manual__2025-12-15T11:47:23.495119+00:00 [running]> on host 9fedf83b1ce5
[2025-12-15T13:30:56.742+0000] {taskinstance.py:2480} INFO - Exporting env vars: AIRFLOW_CTX_DAG_OWNER='***' AIRFLOW_CTX_DAG_ID='amazon_sales_etl' AIRFLOW_CTX_TASK_ID='download_data' AIRFLOW_CTX_EXECUTION_DATE='2025-12-15T11:47:23.495119+00:00' AIRFLOW_CTX_TRY_NUMBER='1' AIRFLOW_CTX_DAG_RUN_ID='manual__2025-12-15T11:47:23.495119+00:00'
[2025-12-15T13:30:56.746+0000] {subprocess.py:63} INFO - Tmp dir root location: /tmp
[2025-12-15T13:30:56.750+0000] {subprocess.py:75} INFO - Running command: ['/usr/bin/bash', '-c', 'python bronze.py']
[2025-12-15T13:30:56.773+0000] {subprocess.py:86} INFO - Output:
[2025-12-15T13:30:56.829+0000] {subprocess.py:93} INFO - python: can't open file 'bronze.py': [Errno 2] No such file or directory
[2025-12-15T13:30:56.838+0000] {subprocess.py:97} INFO - Command exited with return code 2
[2025-12-15T13:30:56.874+0000] {taskinstance.py:2698} ERROR - Task failed with exception
Traceback (most recent call last):
  File "/home/airflow/.local/lib/python3.8/site-packages/airflow/models/taskinstance.py", line 433, in _execute_task
    result = execute_callable(context=context, **execute_callable_kwargs)
  File "/home/airflow/.local/lib/python3.8/site-packages/airflow/operators/bash.py", line 212, in execute
    raise AirflowException(
airflow.exceptions.AirflowException: Bash command failed. The command returned a non-zero exit code 2.
[2025-12-15T13:30:56.887+0000] {taskinstance.py:1138} INFO - Marking task as FAILED. dag_id=amazon_sales_etl, task_id=download_data, execution_date=20251215T114723, start_date=20251215T133056, end_date=20251215T133056
[2025-12-15T13:30:56.922+0000] {standard_task_runner.py:107} ERROR - Failed to execute job 62 for task download_data (Bash command failed. The command returned a non-zero exit code 2.; 234)
[2025-12-15T13:30:56.974+0000] {local_task_job_runner.py:234} INFO - Task exited with return code 1
[2025-12-15T13:30:57.001+0000] {taskinstance.py:3280} INFO - 0 downstream tasks scheduled from follow-on schedule check
