[2025-12-15T15:18:10.480+0000] {taskinstance.py:1956} INFO - Dependencies all met for dep_context=non-requeueable deps ti=<TaskInstance: amazon_sales_etl.transform_data manual__2025-12-15T15:18:10.139405+00:00 [queued]>
[2025-12-15T15:18:10.487+0000] {taskinstance.py:1956} INFO - Dependencies all met for dep_context=requeueable deps ti=<TaskInstance: amazon_sales_etl.transform_data manual__2025-12-15T15:18:10.139405+00:00 [queued]>
[2025-12-15T15:18:10.488+0000] {taskinstance.py:2170} INFO - Starting attempt 1 of 1
[2025-12-15T15:18:10.499+0000] {taskinstance.py:2191} INFO - Executing <Task(BashOperator): transform_data> on 2025-12-15 15:18:10.139405+00:00
[2025-12-15T15:18:10.503+0000] {standard_task_runner.py:60} INFO - Started process 802 to run task
[2025-12-15T15:18:10.507+0000] {standard_task_runner.py:87} INFO - Running: ['***', 'tasks', 'run', 'amazon_sales_etl', 'transform_data', 'manual__2025-12-15T15:18:10.139405+00:00', '--job-id', '84', '--raw', '--subdir', 'DAGS_FOLDER/amazon_sales_etl.py', '--cfg-path', '/tmp/tmp4tfm0pg8']
[2025-12-15T15:18:10.510+0000] {standard_task_runner.py:88} INFO - Job 84: Subtask transform_data
[2025-12-15T15:18:10.568+0000] {task_command.py:423} INFO - Running <TaskInstance: amazon_sales_etl.transform_data manual__2025-12-15T15:18:10.139405+00:00 [running]> on host 77b5a49f3616
[2025-12-15T15:18:10.648+0000] {taskinstance.py:2480} INFO - Exporting env vars: AIRFLOW_CTX_DAG_OWNER='***' AIRFLOW_CTX_DAG_ID='amazon_sales_etl' AIRFLOW_CTX_TASK_ID='transform_data' AIRFLOW_CTX_EXECUTION_DATE='2025-12-15T15:18:10.139405+00:00' AIRFLOW_CTX_TRY_NUMBER='1' AIRFLOW_CTX_DAG_RUN_ID='manual__2025-12-15T15:18:10.139405+00:00'
[2025-12-15T15:18:10.650+0000] {subprocess.py:63} INFO - Tmp dir root location: /tmp
[2025-12-15T15:18:10.651+0000] {subprocess.py:75} INFO - Running command: ['/usr/bin/bash', '-c', 'python /opt/***/spark/jobs/silver.py']
[2025-12-15T15:18:10.659+0000] {subprocess.py:86} INFO - Output:
[2025-12-15T15:18:10.695+0000] {subprocess.py:93} INFO - Traceback (most recent call last):
[2025-12-15T15:18:10.696+0000] {subprocess.py:93} INFO -   File "/opt/***/spark/jobs/silver.py", line 1, in <module>
[2025-12-15T15:18:10.696+0000] {subprocess.py:93} INFO -     from spark.spark_session import get_spark
[2025-12-15T15:18:10.696+0000] {subprocess.py:93} INFO - ModuleNotFoundError: No module named 'spark'
[2025-12-15T15:18:10.698+0000] {subprocess.py:97} INFO - Command exited with return code 1
[2025-12-15T15:18:10.707+0000] {taskinstance.py:2698} ERROR - Task failed with exception
Traceback (most recent call last):
  File "/home/airflow/.local/lib/python3.8/site-packages/airflow/models/taskinstance.py", line 433, in _execute_task
    result = execute_callable(context=context, **execute_callable_kwargs)
  File "/home/airflow/.local/lib/python3.8/site-packages/airflow/operators/bash.py", line 212, in execute
    raise AirflowException(
airflow.exceptions.AirflowException: Bash command failed. The command returned a non-zero exit code 1.
[2025-12-15T15:18:10.710+0000] {taskinstance.py:1138} INFO - Marking task as FAILED. dag_id=amazon_sales_etl, task_id=transform_data, execution_date=20251215T151810, start_date=20251215T151810, end_date=20251215T151810
[2025-12-15T15:18:10.720+0000] {standard_task_runner.py:107} ERROR - Failed to execute job 84 for task transform_data (Bash command failed. The command returned a non-zero exit code 1.; 802)
[2025-12-15T15:18:10.760+0000] {local_task_job_runner.py:234} INFO - Task exited with return code 1
[2025-12-15T15:18:10.774+0000] {taskinstance.py:3280} INFO - 0 downstream tasks scheduled from follow-on schedule check
