[2025-12-15T15:20:08.441+0000] {taskinstance.py:1956} INFO - Dependencies all met for dep_context=non-requeueable deps ti=<TaskInstance: amazon_sales_etl.transform_data manual__2025-12-15T15:20:07.517894+00:00 [queued]>
[2025-12-15T15:20:08.450+0000] {taskinstance.py:1956} INFO - Dependencies all met for dep_context=requeueable deps ti=<TaskInstance: amazon_sales_etl.transform_data manual__2025-12-15T15:20:07.517894+00:00 [queued]>
[2025-12-15T15:20:08.450+0000] {taskinstance.py:2170} INFO - Starting attempt 1 of 1
[2025-12-15T15:20:08.461+0000] {taskinstance.py:2191} INFO - Executing <Task(BashOperator): transform_data> on 2025-12-15 15:20:07.517894+00:00
[2025-12-15T15:20:08.465+0000] {standard_task_runner.py:60} INFO - Started process 208 to run task
[2025-12-15T15:20:08.468+0000] {standard_task_runner.py:87} INFO - Running: ['***', 'tasks', 'run', 'amazon_sales_etl', 'transform_data', 'manual__2025-12-15T15:20:07.517894+00:00', '--job-id', '86', '--raw', '--subdir', 'DAGS_FOLDER/amazon_sales_etl.py', '--cfg-path', '/tmp/tmpegqxa_hp']
[2025-12-15T15:20:08.471+0000] {standard_task_runner.py:88} INFO - Job 86: Subtask transform_data
[2025-12-15T15:20:08.531+0000] {task_command.py:423} INFO - Running <TaskInstance: amazon_sales_etl.transform_data manual__2025-12-15T15:20:07.517894+00:00 [running]> on host 77b5a49f3616
[2025-12-15T15:20:08.606+0000] {taskinstance.py:2480} INFO - Exporting env vars: AIRFLOW_CTX_DAG_OWNER='***' AIRFLOW_CTX_DAG_ID='amazon_sales_etl' AIRFLOW_CTX_TASK_ID='transform_data' AIRFLOW_CTX_EXECUTION_DATE='2025-12-15T15:20:07.517894+00:00' AIRFLOW_CTX_TRY_NUMBER='1' AIRFLOW_CTX_DAG_RUN_ID='manual__2025-12-15T15:20:07.517894+00:00'
[2025-12-15T15:20:08.607+0000] {subprocess.py:63} INFO - Tmp dir root location: /tmp
[2025-12-15T15:20:08.608+0000] {subprocess.py:75} INFO - Running command: ['/usr/bin/bash', '-c', 'python /opt/***/spark/jobs/silver.py']
[2025-12-15T15:20:08.617+0000] {subprocess.py:86} INFO - Output:
[2025-12-15T15:20:08.652+0000] {subprocess.py:93} INFO - Traceback (most recent call last):
[2025-12-15T15:20:08.652+0000] {subprocess.py:93} INFO -   File "/opt/***/spark/jobs/silver.py", line 1, in <module>
[2025-12-15T15:20:08.652+0000] {subprocess.py:93} INFO -     from spark.spark_session import get_spark
[2025-12-15T15:20:08.653+0000] {subprocess.py:93} INFO - ModuleNotFoundError: No module named 'spark'
[2025-12-15T15:20:08.654+0000] {subprocess.py:97} INFO - Command exited with return code 1
[2025-12-15T15:20:08.664+0000] {taskinstance.py:2698} ERROR - Task failed with exception
Traceback (most recent call last):
  File "/home/airflow/.local/lib/python3.8/site-packages/airflow/models/taskinstance.py", line 433, in _execute_task
    result = execute_callable(context=context, **execute_callable_kwargs)
  File "/home/airflow/.local/lib/python3.8/site-packages/airflow/operators/bash.py", line 212, in execute
    raise AirflowException(
airflow.exceptions.AirflowException: Bash command failed. The command returned a non-zero exit code 1.
[2025-12-15T15:20:08.667+0000] {taskinstance.py:1138} INFO - Marking task as FAILED. dag_id=amazon_sales_etl, task_id=transform_data, execution_date=20251215T152007, start_date=20251215T152008, end_date=20251215T152008
[2025-12-15T15:20:08.676+0000] {standard_task_runner.py:107} ERROR - Failed to execute job 86 for task transform_data (Bash command failed. The command returned a non-zero exit code 1.; 208)
[2025-12-15T15:20:08.684+0000] {local_task_job_runner.py:234} INFO - Task exited with return code 1
[2025-12-15T15:20:08.699+0000] {taskinstance.py:3280} INFO - 0 downstream tasks scheduled from follow-on schedule check
