[2025-12-16T20:15:38.998+0000] {taskinstance.py:1956} INFO - Dependencies all met for dep_context=non-requeueable deps ti=<TaskInstance: amazon_sales_etl.create_discount_effectiveness manual__2025-12-16T20:15:38.248842+00:00 [queued]>
[2025-12-16T20:15:39.007+0000] {taskinstance.py:1956} INFO - Dependencies all met for dep_context=requeueable deps ti=<TaskInstance: amazon_sales_etl.create_discount_effectiveness manual__2025-12-16T20:15:38.248842+00:00 [queued]>
[2025-12-16T20:15:39.007+0000] {taskinstance.py:2170} INFO - Starting attempt 1 of 1
[2025-12-16T20:15:39.020+0000] {taskinstance.py:2191} INFO - Executing <Task(PostgresOperator): create_discount_effectiveness> on 2025-12-16 20:15:38.248842+00:00
[2025-12-16T20:15:39.024+0000] {standard_task_runner.py:60} INFO - Started process 238 to run task
[2025-12-16T20:15:39.030+0000] {standard_task_runner.py:87} INFO - Running: ['***', 'tasks', 'run', 'amazon_sales_etl', 'create_discount_effectiveness', 'manual__2025-12-16T20:15:38.248842+00:00', '--job-id', '9', '--raw', '--subdir', 'DAGS_FOLDER/amazon_sales_etl.py', '--cfg-path', '/tmp/tmpjmuvj5bv']
[2025-12-16T20:15:39.033+0000] {standard_task_runner.py:88} INFO - Job 9: Subtask create_discount_effectiveness
[2025-12-16T20:15:39.093+0000] {task_command.py:423} INFO - Running <TaskInstance: amazon_sales_etl.create_discount_effectiveness manual__2025-12-16T20:15:38.248842+00:00 [running]> on host 81e6fe386bc4
[2025-12-16T20:15:39.168+0000] {taskinstance.py:2480} INFO - Exporting env vars: AIRFLOW_CTX_DAG_OWNER='***' AIRFLOW_CTX_DAG_ID='amazon_sales_etl' AIRFLOW_CTX_TASK_ID='create_discount_effectiveness' AIRFLOW_CTX_EXECUTION_DATE='2025-12-16T20:15:38.248842+00:00' AIRFLOW_CTX_TRY_NUMBER='1' AIRFLOW_CTX_DAG_RUN_ID='manual__2025-12-16T20:15:38.248842+00:00'
[2025-12-16T20:15:39.169+0000] {sql.py:276} INFO - Executing: 

-- ============== create discount_effectiveness gold table ===============
do $$
begin
    if not exists (select 1 from pg_type where typname = 'discount_bucket_enum') then
        create type discount_bucket_enum as enum (
            'Very High Discount',
            'High Discount',
            'Medium Discount',
            'Low Discount'
        );
    end if;
end$$;


create table if not exists discount_effectiveness (
    discount_bucket discount_bucket_enum not null,
    avg_rating double precision,
    avg_rating_count double precision,
    total_products integer not null
);

[2025-12-16T20:15:39.186+0000] {taskinstance.py:2698} ERROR - Task failed with exception
Traceback (most recent call last):
  File "/home/airflow/.local/lib/python3.8/site-packages/airflow/models/taskinstance.py", line 433, in _execute_task
    result = execute_callable(context=context, **execute_callable_kwargs)
  File "/home/airflow/.local/lib/python3.8/site-packages/airflow/providers/common/sql/operators/sql.py", line 277, in execute
    hook = self.get_db_hook()
  File "/home/airflow/.local/lib/python3.8/site-packages/airflow/providers/common/sql/operators/sql.py", line 188, in get_db_hook
    return self._hook
  File "/usr/local/lib/python3.8/functools.py", line 967, in __get__
    val = self.func(instance)
  File "/home/airflow/.local/lib/python3.8/site-packages/airflow/providers/common/sql/operators/sql.py", line 150, in _hook
    conn = BaseHook.get_connection(conn_id)
  File "/home/airflow/.local/lib/python3.8/site-packages/airflow/hooks/base.py", line 82, in get_connection
    conn = Connection.get_connection_from_secrets(conn_id)
  File "/home/airflow/.local/lib/python3.8/site-packages/airflow/models/connection.py", line 479, in get_connection_from_secrets
    raise AirflowNotFoundException(f"The conn_id `{conn_id}` isn't defined")
airflow.exceptions.AirflowNotFoundException: The conn_id `postgres_default` isn't defined
[2025-12-16T20:15:39.189+0000] {taskinstance.py:1138} INFO - Marking task as FAILED. dag_id=amazon_sales_etl, task_id=create_discount_effectiveness, execution_date=20251216T201538, start_date=20251216T201538, end_date=20251216T201539
[2025-12-16T20:15:39.201+0000] {standard_task_runner.py:107} ERROR - Failed to execute job 9 for task create_discount_effectiveness (The conn_id `postgres_default` isn't defined; 238)
[2025-12-16T20:15:39.242+0000] {local_task_job_runner.py:234} INFO - Task exited with return code 1
[2025-12-16T20:15:39.301+0000] {taskinstance.py:3280} INFO - 0 downstream tasks scheduled from follow-on schedule check
