[2025-12-15T13:30:56.314+0000] {taskinstance.py:1956} INFO - Dependencies all met for dep_context=non-requeueable deps ti=<TaskInstance: amazon_sales_etl.download_data manual__2025-12-15T10:48:43.154628+00:00 [queued]>
[2025-12-15T13:30:56.331+0000] {taskinstance.py:1956} INFO - Dependencies all met for dep_context=requeueable deps ti=<TaskInstance: amazon_sales_etl.download_data manual__2025-12-15T10:48:43.154628+00:00 [queued]>
[2025-12-15T13:30:56.332+0000] {taskinstance.py:2170} INFO - Starting attempt 1 of 1
[2025-12-15T13:30:56.407+0000] {taskinstance.py:2191} INFO - Executing <Task(BashOperator): download_data> on 2025-12-15 10:48:43.154628+00:00
[2025-12-15T13:30:56.424+0000] {standard_task_runner.py:60} INFO - Started process 236 to run task
[2025-12-15T13:30:56.432+0000] {standard_task_runner.py:87} INFO - Running: ['***', 'tasks', 'run', 'amazon_sales_etl', 'download_data', 'manual__2025-12-15T10:48:43.154628+00:00', '--job-id', '57', '--raw', '--subdir', 'DAGS_FOLDER/amazon_sales_etl.py', '--cfg-path', '/tmp/tmpcs0j667o']
[2025-12-15T13:30:56.437+0000] {standard_task_runner.py:88} INFO - Job 57: Subtask download_data
[2025-12-15T13:30:56.603+0000] {task_command.py:423} INFO - Running <TaskInstance: amazon_sales_etl.download_data manual__2025-12-15T10:48:43.154628+00:00 [running]> on host 9fedf83b1ce5
[2025-12-15T13:30:56.824+0000] {taskinstance.py:2480} INFO - Exporting env vars: AIRFLOW_CTX_DAG_OWNER='***' AIRFLOW_CTX_DAG_ID='amazon_sales_etl' AIRFLOW_CTX_TASK_ID='download_data' AIRFLOW_CTX_EXECUTION_DATE='2025-12-15T10:48:43.154628+00:00' AIRFLOW_CTX_TRY_NUMBER='1' AIRFLOW_CTX_DAG_RUN_ID='manual__2025-12-15T10:48:43.154628+00:00'
[2025-12-15T13:30:56.831+0000] {subprocess.py:63} INFO - Tmp dir root location: /tmp
[2025-12-15T13:30:56.837+0000] {subprocess.py:75} INFO - Running command: ['/usr/bin/bash', '-c', 'python bronze.py']
[2025-12-15T13:30:56.869+0000] {subprocess.py:86} INFO - Output:
[2025-12-15T13:30:56.935+0000] {subprocess.py:93} INFO - python: can't open file 'bronze.py': [Errno 2] No such file or directory
[2025-12-15T13:30:56.942+0000] {subprocess.py:97} INFO - Command exited with return code 2
[2025-12-15T13:30:56.965+0000] {taskinstance.py:2698} ERROR - Task failed with exception
Traceback (most recent call last):
  File "/home/airflow/.local/lib/python3.8/site-packages/airflow/models/taskinstance.py", line 433, in _execute_task
    result = execute_callable(context=context, **execute_callable_kwargs)
  File "/home/airflow/.local/lib/python3.8/site-packages/airflow/operators/bash.py", line 212, in execute
    raise AirflowException(
airflow.exceptions.AirflowException: Bash command failed. The command returned a non-zero exit code 2.
[2025-12-15T13:30:56.970+0000] {taskinstance.py:1138} INFO - Marking task as FAILED. dag_id=amazon_sales_etl, task_id=download_data, execution_date=20251215T104843, start_date=20251215T133056, end_date=20251215T133056
[2025-12-15T13:30:57.007+0000] {standard_task_runner.py:107} ERROR - Failed to execute job 57 for task download_data (Bash command failed. The command returned a non-zero exit code 2.; 236)
[2025-12-15T13:30:57.024+0000] {local_task_job_runner.py:234} INFO - Task exited with return code 1
[2025-12-15T13:30:57.049+0000] {taskinstance.py:3280} INFO - 0 downstream tasks scheduled from follow-on schedule check
